@ NAME             %05s "TWISS"
@ TYPE             %05s "TWISS"
@ SEQUENCE         %09s "RTBT_RTBT"
@ PARTICLE         %06s "PROTON"
@ MASS             %le        0.9382720813
@ CHARGE           %le                   1
@ ENERGY           %le            1.938297
@ PC               %le         1.696066261
@ GAMMA            %le         2.065815491
@ KBUNCH           %le                   1
@ BCURRENT         %le                   0
@ SIGE             %le               0.001
@ SIGT             %le                   1
@ NPART            %le                   0
@ EX               %le                   1
@ EY               %le                   1
@ ET               %le               0.001
@ BV_FLAG          %le                   1
@ LENGTH           %le          168.277698
@ ALFA             %le                   0
@ ORBIT5           %le                  -0
@ GAMMATR          %le                   0
@ Q1               %le         3.387567406
@ Q2               %le         3.387074166
@ DQ1              %le                   0
@ DQ2              %le                   0
@ DXMAX            %le         4.456994318
@ DYMAX            %le          1.92229253
@ XCOMAX           %le       0.04858194852
@ YCOMAX           %le       0.04318755119
@ BETXMAX          %le         67.55588461
@ BETYMAX          %le         85.87893461
@ XCORMS           %le       0.01326933817
@ YCORMS           %le       0.01997371779
@ DXRMS            %le          1.48504455
@ DYRMS            %le        0.5522571743
@ DELTAP           %le                   0
@ SYNCH_1          %le                   0
@ SYNCH_2          %le                   0
@ SYNCH_3          %le                   0
@ SYNCH_4          %le                   0
@ SYNCH_5          %le                   0
@ TITLE            %85s "Live Machine Design RF Lattice: RTBT_RTBT  Date created: Tue Jul 27 10:28:48 EDT 2021"
@ ORIGIN           %17s "5.05.02 Darwin 64"
@ DATE             %08s "27/07/21"
@ TIME             %08s "10.31.10"
* NAME               KEYWORD                             S                  L                 K1                  X                  Y               BETX               ALFX                 DX               BETY               ALFY                 DY             ENERGY 
$ %s                 %s                                %le                %le                %le                %le                %le                %le                %le                %le                %le                %le                %le                %le 
 "RTBT_RTBT$START"   "MARKER"                             0                  0                  0                  0                  0        5.640801313       -1.225242807                  0        10.02137723       0.7824563528                  0           1.938297
 "BEGIN_RTBT"        "MARKER"                             0                  0                  0                  0                  0        5.640801313       -1.225242807                  0        10.02137723       0.7824563528                  0           1.938297
 "BEGIN_OF_RTBT1"    "MARKER"                             0                  0                  0                  0                  0        5.640801313       -1.225242807                  0        10.02137723       0.7824563528                  0           1.938297
 "DRIFT_0"           "DRIFT"                         4.6635             4.6635                  0                  0                  0        26.71214889       -3.293111985                  0        6.222259773      0.03219304258                  0           1.938297
 "QTH_C10"           "QUADRUPOLE"                         5             0.3365                  0                  0                  0        26.85698626        2.873813812                  0        6.710606112        -1.52057111                  0           1.938297
 "QTH_C10_A"         "MARKER"                             5                  0                  0                  0                  0        26.85698626        2.873813812                  0        6.710606112        -1.52057111                  0           1.938297
 "QTH_C10_B"         "QUADRUPOLE"                    5.3365             0.3365                  0                  0                  0        23.03987475        8.176565286                  0        8.375838485       -3.554710801                  0           1.938297
 "DRIFT_1"           "DRIFT"                         5.7585              0.422                  0                  0                  0        16.66334031        6.933705891                  0        11.66593736       -4.241732033                  0           1.938297
 "QTV_C11"           "QUADRUPOLE"                     6.025             0.2665                  0                  0                  0        13.94106437        3.459580474                  0        13.35941089       -2.001026105                  0           1.938297
 "QTV_C11_A"         "MARKER"                         6.025                  0                  0                  0                  0        13.94106437        3.459580474                  0        13.35941089       -2.001026105                  0           1.938297
 "QTV_C11_B"         "QUADRUPOLE"                    6.2915             0.2665                  0                  0                  0        12.84481863       0.7257395251                  0        13.72505871       0.6531155201                  0           1.938297
 "DRIFT_2"           "DRIFT"                      16.240021           9.948521                  0                  0                  0        10.16840064      -0.4567128038                  0        11.01708885      -0.3809172841                  0           1.938297
 "EXSPTM"            "SBEND"                      17.480021               1.24                  0                  0                  0        11.24936863      -0.4087816222      -0.1036864642        12.12157931      -0.5098008314                  0           1.938297
 "EXSPTM_A"          "MARKER"                     17.480021                  0                  0                  0                  0        11.24936863      -0.4087816222      -0.1036864642        12.12157931      -0.5098008314                  0           1.938297
 "EXSPTM_B"          "SBEND"                      18.720021               1.24                  0                  0                  0        12.16703228      -0.7602258243      -0.4125214936        13.54570097      -0.1552117171                  0           1.938297
 "DRIFT_3"           "DRIFT"                             20           1.279979                  0                  0                  0        14.32565571      -0.9262263942      -0.8541343163        14.06689974      -0.2519815014                  0           1.938297
 "RTBT_POST_SEPTUM"  "MARKER"                            20                  0                  0                  0                  0        14.32565571      -0.9262263942      -0.8541343163        14.06689974      -0.2519815014                  0           1.938297
 "DRIFT_4"           "DRIFT"                      22.328798           2.328798                  0                  0                  0        19.34299224       -1.228248377       -1.657606138        15.65054355       -0.428044765                  0           1.938297
 "QV01"              "QUADRUPOLE"                 22.595298             0.2665                  0                  0                  0        20.86579124       -4.567126853       -1.785817965        15.21703767        2.031429544                  0           1.938297
 "QV01_A"            "MARKER"                     22.595298                  0                  0                  0                  0        20.86579124       -4.567126853       -1.785817965        15.21703767        2.031429544                  0           1.938297
 "QV01_B"            "QUADRUPOLE"                 22.861798             0.2665                  0                  0                  0        24.35169219       -8.699301701       -1.990753545        13.54631594        4.147978666                  0           1.938297
 "DRIFT_5"           "DRIFT"                      23.218798              0.357                  0                  0                  0        30.96430104       -9.823412184       -2.320213259        10.75594572        3.668184412                  0           1.938297
 "QH02"              "QUADRUPOLE"                 23.355298             0.1365                  0                  0                  0        33.34158383       -7.527962378        -2.43305867        9.892298504        2.682341262                  0           1.938297
 "BLM02"             "MONITOR"                    23.355298                  0                  0                  0                  0        33.34158383       -7.527962378        -2.43305867        9.892298504        2.682341262                  0           1.938297
 "QH02_A"            "QUADRUPOLE"                 23.555298                0.2                  0                  0                  0        35.58390422        -3.59426211        -2.54929387        9.073691703        1.443218171                  0           1.938297
 "QH02_B"            "MARKER"                     23.555298                  0                  0                  0                  0        35.58390422        -3.59426211        -2.54929387        9.073691703        1.443218171                  0           1.938297
 "QH02_C"            "QUADRUPOLE"                 23.891798             0.3365                  0                  0                  0         35.5871028          3.5849718       -2.607029404        8.724647368      -0.3826731518                  0           1.938297
 "DRIFT_6"           "DRIFT"                      27.336298             3.4445                  0                  0                  0        15.50843427        2.244225046       -2.297725157        12.91991586      -0.8352883782                  0           1.938297
 "WS02"              "MONITOR"                    27.336298                  0                  0                  0                  0        15.50843427        2.244225046       -2.297725157        12.91991586      -0.8352883782                  0           1.938297
 "DRIFT_7"           "DRIFT"                      28.003298              0.667                  0                  0                  0        12.68780789        1.984600112       -2.237830853        14.09264999      -0.9229337131                  0           1.938297
 "BCM02"             "MONITOR"                    28.003298                  0                  0                  0                  0        12.68780789        1.984600112       -2.237830853        14.09264999      -0.9229337131                  0           1.938297
 "DRIFT_8"           "DRIFT"                      28.805298              0.802                  0                  0                  0        9.754871819        1.672427403       -2.165814012        15.65755415       -1.028318359                  0           1.938297
 "QV03"              "QUADRUPOLE"                 28.855298               0.05                  0                  0                  0        9.602404218        1.378378519       -2.162872409        15.73822867      -0.5844025146                  0           1.938297
 "BLM03"             "MONITOR"                    28.855298                  0                  0                  0                  0        9.602404218        1.378378519       -2.162872409        15.73822867      -0.5844025146                  0           1.938297
 "QV03_A"            "QUADRUPOLE"                 29.055298                0.2                  0                  0                  0        9.276237193       0.2648799436       -2.182074148         15.6143432        1.199096804                  0           1.938297
 "QV03_B"            "MARKER"                     29.055298                  0                  0                  0                  0        9.276237193       0.2648799436       -2.182074148         15.6143432        1.199096804                  0           1.938297
 "QV03_C"            "QUADRUPOLE"                 29.305298               0.25                  0                  0                  0        9.483631322       -1.104322282       -2.276604169        14.48684226        3.257014916                  0           1.938297
 "DRIFT_9"           "DRIFT"                      32.666098             3.3608                  0                  0                  0        19.54989486       -1.890876341       -4.085479217        1.645030413        0.564043119                  0           1.938297
 "QH04"              "QUADRUPOLE"                 32.716098               0.05                  0                  0                  0        19.70850842       -1.279724666       -4.109157739        1.593170414       0.4737028239                  0           1.938297
 "BLM04"             "MONITOR"                    32.716098                  0                  0                  0                  0        19.70850842       -1.279724666       -4.109157739        1.593170414       0.4737028239                  0           1.938297
 "QH04_A"            "QUADRUPOLE"                 32.916098                0.2                  0                  0                  0        19.72328217        1.206479175       -4.138762499        1.472080907       0.1368359433                  0           1.938297
 "QH04_B"            "MARKER"                     32.916098                  0                  0                  0                  0        19.72328217        1.206479175       -4.138762499        1.472080907       0.1368359433                  0           1.938297
 "QH04_C"            "QUADRUPOLE"                 33.166098               0.25                  0                  0                  0        18.37492334        4.115784309       -4.029169119         1.50456406      -0.2684741467                  0           1.938297
 "DRIFT_10"          "DRIFT"                      36.526898             3.3608                  0                  0                  0        1.737702485       0.8345908574       -1.473295376        11.35738485       -2.663214971                  0           1.938297
 "QV05"              "QUADRUPOLE"                 36.576898               0.05                  0                  0                  0        1.660244643       0.7156575632       -1.436814881        11.60111651       -2.207982465                  0           1.938297
 "BLM05"             "MONITOR"                    36.576898                  0                  0                  0                  0        1.660244643       0.7156575632       -1.436814881        11.60111651       -2.207982465                  0           1.938297
 "QV05_A"            "QUADRUPOLE"                 36.776898                0.2                  0                  0                  0        1.461124468        0.291144155       -1.320599326        12.09653021      -0.2410922195                  0           1.938297
 "QV05_B"            "MARKER"                     36.776898                  0                  0                  0                  0        1.461124468        0.291144155       -1.320599326        12.09653021      -0.2410922195                  0           1.938297
 "QV05_C"            "QUADRUPOLE"                 37.026898               0.25                  0                  0                  0        1.436190438      -0.1896570201       -1.238011189        11.59007117        2.231110274                  0           1.938297
 "DRIFT_11"          "DRIFT"                      37.333412           0.306514                  0                  0                  0        1.620225221      -0.4107553051       -1.177577616        10.27079547        2.073018436                  0           1.938297
 "DCV05"             "VKICKER"                    37.333412                  0                  0                  0                  0        1.620225221      -0.4107553051       -1.177577616        10.27079547        2.073018436                  0           1.938297
 "DRIFT_12"          "DRIFT"                      40.387698           3.054286                  0                  0     0.005058447387        10.85841452       -2.613908821      -0.5753818999        2.419091433        0.497698266    -0.005780890536           1.938297
 "QH06"              "QUADRUPOLE"                 40.437698               0.05                  0                  0     0.005146811283        11.09752983       -2.164915415      -0.5648990865        2.375826551        0.368229222    -0.005888223881           1.938297
 "BLM06"             "MONITOR"                    40.437698                  0                  0                  0     0.005146811283        11.09752983       -2.164915415      -0.5648990865        2.375826551        0.368229222    -0.005888223881           1.938297
 "QH06_A"            "QUADRUPOLE"                 40.637698                0.2                  0                  0     0.005614993517        11.58043277      -0.2214096932       -0.510901821        2.328413596      -0.1284095718    -0.006580507585           1.938297
 "QH06_B"            "MARKER"                     40.637698                  0                  0                  0     0.005614993517        11.58043277      -0.2214096932       -0.510901821        2.328413596      -0.1284095718    -0.006580507585           1.938297
 "QH06_C"            "QUADRUPOLE"                 40.887698               0.25                  0                  0     0.006479511287        11.07185256        2.218570941      -0.4186535955        2.552226352       -0.783075782     -0.00809460868           1.938297
 "DRIFT_13"          "DRIFT"                      41.194212           0.306514                  0                  0     0.007745767499        9.762058404        2.054624269      -0.2904395066        3.091658043      -0.9768167245     -0.01043863083           1.938297
 "DCH06"             "HKICKER"                    41.194212                  0                  0                  0     0.007745767499        9.762058404        2.054624269      -0.2904395066        3.091658043      -0.9768167245     -0.01043863083           1.938297
 "DRIFT_14"          "DRIFT"                      44.248498           3.054286                  0    -0.004952738549      0.02036349009        2.200906633       0.4209630768       0.9928212649        14.95506164       -2.907365569     -0.03379584787           1.938297
 "QV07"              "QUADRUPOLE"                 44.298498               0.05                  0    -0.005039082058      0.02054845261        2.164745511       0.3027689638        1.014891918        15.21537212       -2.295174394     -0.03411768693           1.938297
 "BLM07"             "MONITOR"                    44.298498                  0                  0    -0.005039082058      0.02054845261        2.164745511       0.3027689638        1.014891918        15.21537212       -2.295174394     -0.03411768693           1.938297
 "QV07_A"            "QUADRUPOLE"                 44.498498                0.2                  0    -0.005493177022      0.02085141706        2.135344837      -0.1541117567        1.125295137        15.62025691       0.2936288047     -0.03418173052           1.938297
 "QV07_B"            "MARKER"                     44.498498                  0                  0    -0.005493177022      0.02085141706        2.135344837      -0.1541117567        1.125295137        15.62025691       0.2936288047     -0.03418173052           1.938297
 "QV07_C"            "QUADRUPOLE"                 44.748498               0.25                  0    -0.006325237009      0.02024209354        2.360506441      -0.7623468378         1.31784336        14.67167046        3.433630522     -0.03152045943           1.938297
 "DRIFT_15"          "DRIFT"                      44.854298             0.1058                  0    -0.006744713779      0.01975455088        2.529317033      -0.8332164058        1.413367249        13.95487214        3.341400887     -0.02976649185           1.938297
 "BPM07"             "MONITOR"                    44.854298                  0                  0    -0.006744713779      0.01975455088        2.529317033      -0.8332164058        1.413367249        13.95487214        3.341400887     -0.02976649185           1.938297
 "DRIFT_16"          "DRIFT"                      45.055012           0.200714                  0    -0.007540506411      0.01882962993        2.890778865      -0.9676636126        1.594586359         12.6486591        3.166431333     -0.02643902635           1.938297
 "DCV07"             "VKICKER"                    45.055012                  0                  0    -0.007540506411      0.01882962993        2.890778865      -0.9676636126        1.594586359         12.6486591        3.166431333     -0.02643902635           1.938297
 "DRIFT_17"          "DRIFT"                      48.109298           3.054286                  0     -0.01965016639     0.003550003264        15.05057705       -3.013560866        4.352216573        1.438413638       0.5039012641      0.02557247094           1.938297
 "QH08"              "QUADRUPOLE"                 48.159298               0.05                  0     -0.01982688091     0.003303655277        15.32032189        -2.37740795        4.392567475        1.393274776       0.3995330872      0.02644783398           1.938297
 "BLM08"             "MONITOR"                    48.159298                  0                  0     -0.01982688091     0.003303655277        15.32032189        -2.37740795        4.392567475        1.393274776       0.3995330872      0.02644783398           1.938297
 "QH08_A"            "QUADRUPOLE"                 48.359298                0.2                  0     -0.02009836793     0.002385275739        15.73731372       0.3167908092        4.456994318        1.312649813     0.008276356679       0.0304711849           1.938297
 "QH08_B"            "MARKER"                     48.359298                  0                  0     -0.02009836793     0.002385275739        15.73731372       0.3167908092        4.456994318        1.312649813     0.008276356679       0.0304711849           1.938297
 "QH08_C"            "QUADRUPOLE"                 48.609298               0.25                  0     -0.01945419829     0.001351376019          14.745192        3.579206411        4.318286206        1.429832719      -0.4855078836      0.03689099282           1.938297
 "DRIFT_18"          "DRIFT"                      48.715098             0.1058                  0     -0.01895330272    0.0009333281114        13.99831617        3.480111464        4.208667016        1.542240173       -0.576944422      0.03998539483           1.938297
 "BPM08"             "MONITOR"                    48.715098                  0                  0     -0.01895330272    0.0009333281114        13.99831617        3.480111464        4.208667016        1.542240173       -0.576944422      0.03998539483           1.938297
 "DRIFT_19"          "DRIFT"                      48.915812           0.200714                  0     -0.01800304984    0.0001402461853        12.63903497        3.292117672          4.0007076        1.808658666      -0.7504093877      0.04585580886           1.938297
 "DCH08"             "HKICKER"                    48.915812                  0                  0     -0.01800304984    0.0001402461853        12.63903497        3.292117672          4.0007076        1.808658666      -0.7504093877      0.04585580886           1.938297
 "DRIFT_20"          "DRIFT"                      51.970098           3.054286                  0    -0.002209786776     -0.01192816471        1.266358038       0.4313964091       0.8346437798         14.4547874       -3.390043973       0.1351865152           1.938297
 "QV09"              "QUADRUPOLE"                 52.020098               0.05                  0    -0.001953489395     -0.01211305329        1.228179989       0.3327025853       0.7836806824        14.76493463       -2.808528669       0.1364910185           1.938297
 "BLM09"             "MONITOR"                    52.020098                  0                  0    -0.001953489395     -0.01211305329        1.228179989       0.3327025853       0.7836806824        14.76493463       -2.808528669       0.1364910185           1.938297
 "QV09_A"            "QUADRUPOLE"                 52.220098                0.2                  0   -0.0009643123211     -0.01259346766         1.17067697      -0.0419528497        0.595414612        15.39314285      -0.2970149348       0.1385102939           1.938297
 "QV09_B"            "MARKER"                     52.220098                  0                  0   -0.0009643123211     -0.01259346766         1.17067697      -0.0419528497        0.595414612        15.39314285      -0.2970149348       0.1385102939           1.938297
 "QV09_C"            "QUADRUPOLE"                 52.470098               0.25                  0    0.0002299687684     -0.01259607279        1.309804864      -0.5243291088       0.3878535482        14.74144665        2.857710128       0.1337913308           1.938297
 "DRIFT_21"          "DRIFT"                      52.575898             0.1058                  0    0.0007335242393     -0.01245568599        1.431648425      -0.6273113522       0.3051036382         14.1437156        2.791921709       0.1301111945           1.938297
 "BPM09"             "MONITOR"                    52.575898                  0                  0    0.0007335242393     -0.01245568599        1.431648425      -0.6273113522       0.3051036382         14.1437156        2.791921709       0.1301111945           1.938297
 "DRIFT_22"          "DRIFT"                      55.830898              3.255                  0      0.01622570815    -0.008136602611        15.82829451       -3.795621392        -2.24074662        2.556489932       0.7679018446      0.01688961096           1.938297
 "QH10"              "QUADRUPOLE"                 55.880898               0.05                  0      0.01644588172    -0.008079119751        16.17519256       -3.137288239       -2.277372394        2.486730931       0.6282936939      0.01517835964           1.938297
 "BLM10"             "MONITOR"                    55.880898                  0                  0      0.01644588172    -0.008079119751        16.17519256       -3.137288239       -2.277372394        2.486730931       0.6282936939      0.01517835964           1.938297
 "QH10_A"            "QUADRUPOLE"                 56.080898                0.2                  0      0.01696384217     -0.00802498739        16.86891462      -0.2908258231       -2.373098345        2.340127394       0.1132422358     0.008830167217           1.938297
 "QH10_B"            "MARKER"                     56.080898                  0                  0      0.01696384217     -0.00802498739        16.86891462      -0.2908258231       -2.373098345        2.340127394       0.1132422358     0.008830167217           1.938297
 "QH10_C"            "QUADRUPOLE"                 56.330898               0.25                  0      0.01677997036    -0.008353527357        16.10864942        3.276337604        -2.37542035        2.439080492      -0.5162322261     0.001760345627           1.938297
 "DRIFT_23"          "DRIFT"                      56.436698             0.1058                  0      0.01650669404    -0.008587381438        15.42353042        3.199267315       -2.348618379        2.554127544      -0.5711690134    -0.001076433174           1.938297
 "BPM10"             "MONITOR"                    56.436698                  0                  0      0.01650669404    -0.008587381438        15.42353042        3.199267315       -2.348618379        2.554127544      -0.5711690134    -0.001076433174           1.938297
 "DRIFT_24"          "DRIFT"                      59.691698              3.255                  0     0.008099185252     -0.01578204149        2.314274062       0.8281539928       -1.524039769         11.7739183       -2.261331988      -0.0883516222           1.938297
 "QV11"              "QUADRUPOLE"                 59.741698               0.05                  0     0.007978555254     -0.01587583942        2.238060567       0.6971899571       -1.512990041        11.97615537       -1.780558439     -0.08961750654           1.938297
 "BLM11"             "MONITOR"                    59.741698                  0                  0     0.007978555254     -0.01587583942        2.238060567       0.6971899571       -1.512990041        11.97615537       -1.780558439     -0.08961750654           1.938297
 "QV11_A"            "QUADRUPOLE"                 59.941698                0.2                  0     0.007662728388     -0.01591452777        2.056278188       0.2219474988       -1.500843014         12.2856277       0.2506838064      -0.0931492482           1.938297
 "QV11_B"            "MARKER"                     59.941698                  0                  0     0.007662728388     -0.01591452777        2.056278188       0.2219474988       -1.500843014         12.2856277       0.2506838064      -0.0931492482           1.938297
 "QV11_C"            "QUADRUPOLE"                 60.191698               0.25                  0     0.007633070076     -0.01520955426        2.084422823      -0.3365025218       -1.557789883        11.53197481        2.710627491      -0.0939979881           1.938297
 "DRIFT_25"          "DRIFT"                      60.498212           0.306514                  0     0.007843264486     -0.01384256246        2.340884894      -0.5002033728       -1.677532666        9.938291231        2.488755168     -0.09256566343           1.938297
 "DCV11"             "VKICKER"                    60.498212                  0                  0     0.007843264486     -0.01384256246        2.340884894      -0.5002033728       -1.677532666        9.938291231        2.488755168     -0.09256566343           1.938297
 "DRIFT_26"          "DRIFT"                      62.097498           1.599286                  0     0.008939987565      -0.0054590698        5.306828295       -1.354338842       -2.302309857        3.829249213        1.331100704     -0.08652193884           1.938297
 "BCM11"             "MONITOR"                    62.097498                  0                  0     0.008939987565      -0.0054590698        5.306828295       -1.354338842       -2.302309857        3.829249213        1.331100704     -0.08652193884           1.938297
 "DRIFT_27"          "DRIFT"                      63.552498              1.455                  0     0.009937765372      0.00216807245        10.37860022       -2.131415055       -2.870720269        1.488169661       0.2778886792      -0.0810234731           1.938297
 "QH12"              "QUADRUPOLE"                 63.602498               0.05                  0     0.009964164732     0.002431962324        10.57639943       -1.822477586       -2.887962953        1.464523448       0.1952855834     -0.08090077597           1.938297
 "BLM12"             "MONITOR"                    63.602498                  0                  0     0.009964164732     0.002431962324        10.57639943       -1.822477586       -2.887962953        1.464523448       0.1952855834     -0.08090077597           1.938297
 "QH12_A"            "QUADRUPOLE"                 63.802498                0.2                  0     0.009911711381     0.003530378809        11.04320662      -0.4917824132       -2.910792934        1.451154459       -0.127876187     -0.08174342314           1.938297
 "QH12_B"            "MARKER"                     63.802498                  0                  0     0.009911711381     0.003530378809        11.04320662      -0.4917824132       -2.910792934        1.451154459       -0.127876187     -0.08174342314           1.938297
 "QH12_C"            "QUADRUPOLE"                 64.052498               0.25                  0     0.009493961383     0.005033125458        10.85748609        1.224820227       -2.835389259        1.619452891      -0.5541913387     -0.08587619653           1.938297
 "DRIFT_28"          "DRIFT"                      68.445984           4.393486                  0    -0.001214939321      0.03301635497        4.539917794       0.2131195539      -0.5064708532        22.06914724       -4.100357316       -0.189641376           1.938297
 "DCV13"             "VKICKER"                    68.445984                  0                  0    -0.001214939321      0.03301635497        4.539917794       0.2131195539      -0.5064708532        22.06914724       -4.100357316       -0.189641376           1.938297
 "DRIFT_29"          "DRIFT"                      68.646698           0.200714                  0    -0.001704169581      0.03449275985        4.463642436       0.1669005631      -0.4000754923        23.74766208       -4.262361965      -0.1946081168           1.938297
 "BPM13"             "MONITOR"                    68.646698                  0                  0    -0.001704169581      0.03449275985        4.463642436       0.1669005631      -0.4000754923        23.74766208       -4.262361965      -0.1946081168           1.938297
 "DRIFT_30"          "DRIFT"                      68.752498             0.1058                  0    -0.001962051749      0.03527099971        4.430903869       0.1425376924      -0.3439925624        24.65861272       -4.347757562      -0.1972261762           1.938297
 "QV13"              "QUADRUPOLE"                 68.802498               0.05                  0    -0.002085311706      0.03561427245        4.423354576     0.008517879211      -0.3177189582        25.06085607       -3.693393655       -0.198298536           1.938297
 "BLM13"             "MONITOR"                    68.802498                  0                  0    -0.002085311706      0.03561427245        4.423354576     0.008517879211      -0.3177189582        25.06085607       -3.693393655       -0.198298536           1.938297
 "QV13_A"            "QUADRUPOLE"                 69.002498                0.2                  0    -0.002609015572      0.03649027025        4.527788567      -0.5345405316      -0.2166366164         25.9882319      -0.9091721876      -0.1992649493           1.938297
 "QV13_B"            "MARKER"                     69.002498                  0                  0    -0.002609015572      0.03649027025        4.527788567      -0.5345405316      -0.2166366164         25.9882319      -0.9091721876      -0.1992649493           1.938297
 "QV13_C"            "QUADRUPOLE"                 69.252498               0.25                  0    -0.003346608024      0.03644928489        4.977873307       -1.286536481     -0.09670204377        25.54693609        2.653928202      -0.1929856706           1.938297
 "DRIFT_31"          "DRIFT"                           69.7           0.447502                  0    -0.004762759491        0.035242298        6.236145377       -1.525232114       0.1138675774        23.23471006        2.513034263      -0.1743814138           1.938297
 "BLM_MOV01"         "MONITOR"                         69.7                  0                  0    -0.004762759491        0.035242298        6.236145377       -1.525232114       0.1138675774        23.23471006        2.513034263      -0.1743814138           1.938297
 "DRIFT_32"          "DRIFT"                      70.002498           0.302498                  0     -0.00572003563      0.03442641087        7.207713098        -1.68658324       0.2562063586        21.74314432        2.417794164      -0.1618054914           1.938297
 "BEGIN_OF_RTBT2"    "MARKER"                     70.002498                  0                  0     -0.00572003563      0.03442641087        7.207713098        -1.68658324       0.2562063586        21.74314432        2.417794164      -0.1618054914           1.938297
 "DRIFT_33"          "DRIFT"                      70.251298             0.2488                  0    -0.006507380681      0.03375535613        8.079974879       -1.819292086       0.3732778393        20.55953932        2.339460632      -0.1514619866           1.938297
 "DH13"              "SBEND"                      71.491298               1.24                  0     -0.01035871083      0.03039139903        13.17254435       -2.244538394       0.8448468408        15.22005611        1.948750699     -0.09716819245           1.938297
 "DH13_A"            "MARKER"                     71.491298                  0                  0     -0.01035871083      0.03039139903        13.17254435       -2.244538394       0.8448468408        15.22005611        1.948750699     -0.09716819245           1.938297
 "DH13_B"            "SBEND"                      72.731298               1.24                  0      -0.0139738497      0.02702594318        19.08318477       -2.467873699          1.0843556        10.85456754         1.55741888     -0.04270788389           1.938297
 "DRIFT_34"          "DRIFT"                      73.630098             0.8988                  0     -0.01647636358      0.02459831922        23.81958985       -2.801824878         1.17154709        8.309895105         1.27376985     -0.00386342504           1.938297
 "QH14"              "QUADRUPOLE"                 73.680098               0.05                  0     -0.01660675607      0.02447638276         24.0750732       -2.306023062        1.175761084        8.192094088        1.083089103    -0.001719182314           1.938297
 "BLM14"             "MONITOR"                    73.680098                  0                  0     -0.01660675607      0.02447638276         24.0750732       -2.306023062        1.175761084        8.192094088        1.083089103    -0.001719182314           1.938297
 "QH14_A"            "QUADRUPOLE"                 73.880098                0.2                  0      -0.0169498881      0.02424916313        24.58842336      -0.2460920463        1.179833592        7.905352222        0.358776701     0.006564074503           1.938297
 "QH14_B"            "MARKER"                     73.880098                  0                  0      -0.0169498881      0.02424916313        24.58842336      -0.2460920463        1.179833592        7.905352222        0.358776701     0.006564074503           1.938297
 "QH14_C"            "QUADRUPOLE"                 74.130098               0.25                  0     -0.01697189228      0.02454885016        24.06132513        2.335688291        1.156176188        7.944698499      -0.5175599383      0.01642405188           1.938297
 "DRIFT_35"          "DRIFT"                      74.436612           0.306514                  0     -0.01672060001      0.02531554195        22.65468898        2.253453308        1.107757863        8.276970537      -0.5664754989      0.02827225062           1.938297
 "DCH14"             "HKICKER"                    74.436612                  0                  0     -0.01672060001      0.02531554195        22.65468898        2.253453308        1.107757863        8.276970537      -0.5664754989      0.02827225062           1.938297
 "DRIFT_36"          "DRIFT"                      75.985612              1.549                  0     -0.01474807327      0.02919009769        16.31722861        1.837870368       0.8622679438        10.41482414      -0.8136753116       0.0881483406           1.938297
 "BCM14"             "MONITOR"                    75.985612                  0                  0     -0.01474807327      0.02919009769        16.31722861        1.837870368       0.8622679438        10.41482414      -0.8136753116       0.0881483406           1.938297
 "DRIFT_37"          "DRIFT"                      78.030098           2.044486                  0     -0.01214458501      0.03430402602        9.923664348        1.289352935       0.5382519963        14.40897987       -1.139948105       0.1671772804           1.938297
 "QV15"              "QUADRUPOLE"                 78.080098               0.05                  0     -0.01208713626      0.03441146771        9.805500878        1.074724944       0.5306098641        14.50851124      -0.8499981951       0.1690440357           1.938297
 "BLM15"             "MONITOR"                    78.080098                  0                  0     -0.01208713626      0.03441146771        9.805500878        1.074724944       0.5306098641        14.50851124      -0.8499981951       0.1690440357           1.938297
 "QV15_A"            "QUADRUPOLE"                 78.280098                0.2                  0     -0.01198101504      0.03448750758        9.541641145       0.2517878265       0.5055594319        14.61256072       0.3326017967       0.1751632539           1.938297
 "QV15_B"            "MARKER"                     78.280098                  0                  0     -0.01198101504      0.03448750758        9.541641145       0.2517878265       0.5055594319        14.61256072       0.3326017967       0.1751632539           1.938297
 "QV15_C"            "QUADRUPOLE"                 78.530098               0.25                  0     -0.01212553517      0.03378793241        9.667547122      -0.7597120341       0.4862201001        14.08203864        1.771304525       0.1796711668           1.938297
 "DRIFT_38"          "DRIFT"                      78.635898             0.1058                  0     -0.01225213221      0.03330675251        9.830128317      -0.7769722323       0.4807795858        13.71051946        1.740218856       0.1808214703           1.938297
 "BPM15"             "MONITOR"                    78.635898                  0                  0     -0.01225213221      0.03330675251        9.830128317      -0.7769722323       0.4807795858        13.71051946        1.740218856       0.1808214703           1.938297
 "DRIFT_39"          "DRIFT"                      78.836612           0.200714                  0     -0.01249230045      0.03239390241          10.148599       -0.809716688       0.4704583441        13.02378357        1.681245994       0.1830037199           1.938297
 "DCV15"             "VKICKER"                    78.836612                  0                  0     -0.01249230045      0.03239390241          10.148599       -0.809716688       0.4704583441        13.02378357        1.681245994       0.1830037199           1.938297
 "DRIFT_40"          "DRIFT"                      83.821298           4.984686                  0     -0.01845682336      0.01051270558        22.27451763       -1.622917711       0.2141326806        3.563275682        0.216668516       0.2362974464           1.938297
 "QH16"              "QUADRUPOLE"                 83.871298               0.05                  0      -0.0185083983      0.01029788539        22.41722496       -1.230378772       0.2114568477        3.545515281       0.1386452794       0.2369323394           1.938297
 "BLM16"             "MONITOR"                    83.871298                  0                  0      -0.0185083983      0.01029788539        22.41722496       -1.230378772       0.2114568477        3.545515281       0.1386452794       0.2369323394           1.938297
 "QH16_A"            "QUADRUPOLE"                 84.071298                0.2                  0     -0.01854910572     0.009528822117        22.59022465       0.3695060649        0.198701818        3.552007288      -0.1712598443       0.2414942354           1.938297
 "QH16_B"            "MARKER"                     84.071298                  0                  0     -0.01854910572     0.009528822117        22.59022465       0.3695060649        0.198701818        3.552007288      -0.1712598443       0.2414942354           1.938297
 "QH16_C"            "QUADRUPOLE"                 84.271298                0.2                  0     -0.01832496199     0.008896139526        22.12442925        1.948362443        0.182807332        3.683832616       -0.491004634       0.2493564588           1.938297
 "BLM_MOV02"         "MONITOR"                    84.271298                  0                  0     -0.01832496199     0.008896139526        22.12442925        1.948362443        0.182807332        3.683832616       -0.491004634       0.2493564588           1.938297
 "QH16_D"            "QUADRUPOLE"                 84.321298               0.05                  0     -0.01822783544     0.008758176274        21.91048937        2.329160933       0.1783691589        3.737097181      -0.5746038972       0.2518510783           1.938297
 "DRIFT_41"          "DRIFT"                      84.427098             0.1058                  0     -0.01800505332      0.00847456784        21.42092131         2.29813634       0.1687882348        3.862667591      -0.6122619888       0.2573574506           1.938297
 "BPM16"             "MONITOR"                    84.427098                  0                  0     -0.01800505332      0.00847456784        21.42092131         2.29813634       0.1687882348        3.862667591      -0.6122619888       0.2573574506           1.938297
 "DRIFT_42"          "DRIFT"                      84.627812           0.200714                  0     -0.01758241161     0.007936532082        20.51019846        2.239279345       0.1506121895        4.122785998      -0.6837034461       0.2678036322           1.938297
 "DCH16"             "HKICKER"                    84.627812                  0                  0     -0.01758241161     0.007936532082        20.51019846        2.239279345       0.1506121895        4.122785998      -0.6837034461       0.2678036322           1.938297
 "DRIFT_43"          "DRIFT"                      89.612498           4.984686                  0    -0.007287583547    -0.005425462143        5.472104881       0.7775794065        -0.30055557        19.78287016       -2.457935599       0.5272321473           1.938297
 "QV17"              "QUADRUPOLE"                 89.662498               0.05                  0    -0.007188288328     -0.00555649957        5.401014487       0.6447471212      -0.3052418783        20.00773121       -2.037644581       0.5295420292           1.938297
 "BLM17"             "MONITOR"                    89.662498                  0                  0    -0.007188288328     -0.00555649957        5.401014487       0.6447471212      -0.3052418783        20.00773121       -2.037644581       0.5295420292           1.938297
 "QV17_A"            "QUADRUPOLE"                 89.862498                0.2                  0     -0.00686882593    -0.006018510497        5.245768842       0.1360065675      -0.3272958641        20.47524012      -0.2862400665        0.532900062           1.938297
 "QV17_B"            "MARKER"                     89.862498                  0                  0     -0.00686882593    -0.006018510497        5.245768842       0.1360065675      -0.3272958641        20.47524012      -0.2862400665        0.532900062           1.938297
 "QV17_C"            "QUADRUPOLE"                 90.112498               0.25                  0    -0.006638430545    -0.006447265519        5.333603914      -0.4905452862      -0.3627957627        20.06391764        1.916497296       0.5238335388           1.938297
 "DRIFT_44"          "DRIFT"                      90.218298             0.1058                  0     -0.00657971587    -0.006592133278        5.440007018      -0.5151551281       -0.379802413        19.66099386        1.891856078       0.5168974932           1.938297
 "BPM17"             "MONITOR"                    90.218298                  0                  0     -0.00657971587    -0.006592133278        5.440007018      -0.5151551281       -0.379802413        19.66099386        1.891856078       0.5168974932           1.938297
 "DRIFT_45"          "DRIFT"                      90.419012           0.200714                  0    -0.006468327805    -0.006866963027         5.65617555      -0.5618426498      -0.4120658611        18.91093264        1.845109033       0.5037390674           1.938297
 "DCV17"             "VKICKER"                    90.419012                  0                  0    -0.006468327805    -0.006866963027         5.65617555      -0.5618426498      -0.4120658611        18.91093264        1.845109033       0.5037390674           1.938297
 "DRIFT_46"          "DRIFT"                      95.297898           4.878886                  0    -0.003760745507     -0.01502158423        16.67538019       -1.696706666       -1.196314519        6.450710728       0.7087981321       0.1855733286           1.938297
 "BPM18"             "MONITOR"                    95.297898                  0                  0    -0.003760745507     -0.01502158423        16.67538019       -1.696706666       -1.196314519        6.450710728       0.7087981321       0.1855733286           1.938297
 "DRIFT_47"          "DRIFT"                      95.403698             0.1058                  0    -0.003702030832     -0.01519841946        17.03700704       -1.721316508        -1.21332117        6.303336084       0.6841569142       0.1786738161           1.938297
 "QH18"              "QUADRUPOLE"                 95.453698               0.05                  0    -0.003672431113     -0.01528962655        17.19252265       -1.387955707       -1.220750686        6.241781408       0.5473481638       0.1755109716           1.938297
 "BLM18"             "MONITOR"                    95.453698                  0                  0    -0.003672431113     -0.01528962655        17.19252265       -1.387955707       -1.220750686        6.241781408       0.5473481638       0.1755109716           1.938297
 "QH18_A"            "QUADRUPOLE"                 95.653698                0.2                  0     -0.00351755314     -0.01580896794        17.47412552      -0.0125186875       -1.238211292        6.129569656      0.01670865835       0.1647678689           1.938297
 "QH18_B"            "MARKER"                     95.653698                  0                  0     -0.00351755314     -0.01580896794        17.47412552      -0.0125186875       -1.238211292        6.129569656      0.01670865835       0.1647678689           1.938297
 "QH18_C"            "QUADRUPOLE"                 95.903698               0.25                  0    -0.003245057543     -0.01681675266        17.04931751         1.69752429       -1.232218675         6.28634671       -0.649049676       0.1554570062           1.938297
 "DRIFT_48"          "DRIFT"                     101.194898             5.2912                  0     0.003409316406     -0.04251049192        5.459419055       0.4928859107      -0.7782138925        19.48458071       -1.845324757     0.005357598043           1.938297
 "QV19"              "QUADRUPOLE"                101.244898               0.05                  0     0.003473918339     -0.04273193118        5.416144444       0.3728956413      -0.7743152579        19.65001851       -1.462324934     0.003912355455           1.938297
 "BLM19A"            "MONITOR"                   101.244898                  0                  0     0.003473918339     -0.04273193118        5.416144444       0.3728956413      -0.7743152579        19.65001851       -1.462324934     0.003912355455           1.938297
 "QV19_A"            "QUADRUPOLE"                101.444898                0.2                  0     0.003767872951     -0.04318755119        5.361226157     -0.09683690601      -0.7665009369        19.92140742       0.1126468226     -0.00238409767           1.938297
 "QV19_B"            "MARKER"                    101.444898                  0                  0     0.003767872951     -0.04318755119        5.361226157     -0.09683690601      -0.7665009369        19.92140742       0.1126468226     -0.00238409767           1.938297
 "QV19_C"            "QUADRUPOLE"                101.694898               0.25                  0     0.004221105721     -0.04278395241        5.557882875      -0.6963538379      -0.7741564538        19.37380753        2.059414138     -0.01129855246           1.938297
 "DRIFT_49"          "DRIFT"                     101.800698             0.1058                  0      0.00443446435     -0.04238495374        5.708221971      -0.7246205971      -0.7815063246        18.94106371        2.030792116     -0.01528822201           1.938297
 "BPM19"             "MONITOR"                   101.800698                  0                  0      0.00443446435     -0.04238495374        5.708221971      -0.7246205971      -0.7815063246        18.94106371        2.030792116     -0.01528822201           1.938297
 "DRIFT_50"          "DRIFT"                     102.001412           0.200714                  0     0.004839228659     -0.04162801026        6.009868273      -0.7782456851      -0.7954498215        18.13674547        1.976493056     -0.02285705503           1.938297
 "DCV19"             "VKICKER"                   102.001412                  0                  0     0.004839228659     -0.04162801026        6.009868273      -0.7782456851      -0.7954498215        18.13674547        1.976493056     -0.02285705503           1.938297
 "DRIFT_51"          "DRIFT"                     104.444898           2.443486                  0     0.009766816779     -0.03179736764        11.40831449        -1.43107584      -0.9651975197        10.09290916        1.315457995       -0.115703354           1.938297
 "BLM19B"            "MONITOR"                   104.444898                  0                  0     0.009766816779     -0.03179736764        11.40831449        -1.43107584      -0.9651975197        10.09290916        1.315457995       -0.115703354           1.938297
 "DRIFT_52"          "DRIFT"                     106.986098             2.5412                  0      0.01489145712     -0.02157360166        20.40692794       -2.110012405       -1.141733359        5.154223154       0.6279884127      -0.2122625383           1.938297
 "QH20"              "QUADRUPOLE"                107.036098               0.05                  0      0.01498480398     -0.02138322782        20.59799466       -1.710044243       -1.144625172        5.097230243       0.5122508738      -0.2142568597           1.938297
 "BLM20"             "MONITOR"                   107.036098                  0                  0      0.01498480398     -0.02138322782        20.59799466       -1.710044243       -1.144625172        5.097230243       0.5122508738      -0.2142568597           1.938297
 "QH20_A"            "QUADRUPOLE"                107.236098                0.2                  0      0.01520719778     -0.02083463488        20.95350779     -0.05800251399       -1.144528862        4.982328685       0.0653268457      -0.2241628612           1.938297
 "QH20_B"            "MARKER"                    107.236098                  0                  0      0.01520719778     -0.02083463488        20.95350779     -0.05800251399       -1.144528862        4.982328685       0.0653268457      -0.2241628612           1.938297
 "QH20_C"            "QUADRUPOLE"                107.486098               0.25                  0      0.01514241662     -0.02061918565         20.4639657        1.999776527       -1.118251456        5.087798779      -0.4907275335      -0.2410962497           1.938297
 "DRIFT_53"          "DRIFT"                     107.792612           0.306514                  0      0.01482940801     -0.02067242224        19.26099778        1.924898762        -1.06840605        5.411541248      -0.5654802369      -0.2651073636           1.938297
 "DCH20"             "HKICKER"                   107.792612                  0                  0      0.01482940801     -0.02067242224        19.26099778        1.924898762        -1.06840605        5.411541248      -0.5654802369      -0.2651073636           1.938297
 "DRIFT_54"          "DRIFT"                     112.046858           4.254246                  0      0.01144984085     -0.02141131693        7.304289406       0.8856364951      -0.3776818075        14.63681817        -1.60300671      -0.5983684381           1.938297
 "WS20"              "MONITOR"                   112.046858                  0                  0      0.01144984085     -0.02141131693        7.304289406       0.8856364951      -0.3776818075        14.63681817        -1.60300671      -0.5983684381           1.938297
 "DRIFT_55"          "DRIFT"                     112.777298            0.73044                  0      0.01086958032      -0.0215381827        6.140818944       0.7071985933      -0.2590867343         17.1087391       -1.781146581      -0.6555882649           1.938297
 "QV21"              "QUADRUPOLE"                112.827298               0.05                  0      0.01083530525     -0.02153606505        6.076823963       0.5731289098      -0.2511034849        17.27018999       -1.446791621      -0.6591880118           1.938297
 "BLM21A"            "MONITOR"                   112.827298                  0                  0      0.01083530525     -0.02153606505        6.076823963       0.5731289098      -0.2511034849        17.27018999       -1.446791621      -0.6591880118           1.938297
 "QV21_A"            "QUADRUPOLE"                113.027298                0.2                  0      0.01080671089      -0.0213119535        5.951946127       0.0545967401      -0.2217371101         17.5741907     -0.06507228306      -0.6671958575           1.938297
 "QV21_B"            "MARKER"                    113.027298                  0                  0      0.01080671089      -0.0213119535        5.951946127       0.0545967401      -0.2217371101         17.5741907     -0.06507228306      -0.6671958575           1.938297
 "QV21_C"            "QUADRUPOLE"                113.227298                0.2                  0      0.01095177326     -0.02074628766        6.032677783      -0.4604119968      -0.1961326282        17.32169265        1.320801844      -0.6649007555           1.938297
 "BLM_MOV03"         "MONITOR"                   113.227298                  0                  0      0.01095177326     -0.02074628766        6.032677783      -0.4604119968      -0.1961326282        17.32169265        1.320801844      -0.6649007555           1.938297
 "QV21_D"            "QUADRUPOLE"                113.277298               0.05                  0      0.01101538422     -0.02055244716        6.085304948      -0.5924831816      -0.1902700985        17.17272904        1.657474342       -0.662716745           1.938297
 "DRIFT_56"          "DRIFT"                     113.383098             0.1058                  0      0.01116165069      -0.0201204007        6.213159559      -0.6159724962      -0.1780822811        16.82445001        1.634387971      -0.6574163022           1.938297
 "BPM21"             "MONITOR"                   113.383098                  0                  0      0.01116165069      -0.0201204007        6.213159559      -0.6159724962      -0.1780822811        16.82445001        1.634387971      -0.6574163022           1.938297
 "DRIFT_57"          "DRIFT"                     113.583812           0.200714                  0      0.01143913394     -0.01930076203        6.469372335      -0.6605342571      -0.1549606783        16.17715165        1.590590636       -0.647360791           1.938297
 "DCV21"             "VKICKER"                   113.583812                  0                  0      0.01143913394     -0.01930076203        6.469372335      -0.6605342571      -0.1549606783        16.17715165        1.590590636       -0.647360791           1.938297
 "DRIFT_58"          "DRIFT"                     115.622798           2.038986                  0       0.0142579929     -0.01124117058        10.08603691       -1.113222194      0.07992390644        10.59795808        1.145668252       -0.544905284           1.938297
 "BLM21B"            "MONITOR"                   115.622798                  0                  0       0.0142579929     -0.01124117058        10.08603691       -1.113222194      0.07992390644        10.59795808        1.145668252       -0.544905284           1.938297
 "DRIFT_59"          "DRIFT"                     117.267498             1.6447                  0      0.01653175904    -0.004740091102        14.34843229       -1.478372249       0.2693880207        7.419656998       0.7867820964      -0.4622619641           1.938297
 "WS21"              "MONITOR"                   117.267498                  0                  0      0.01653175904    -0.004740091102        14.34843229       -1.478372249       0.2693880207        7.419656998       0.7867820964      -0.4622619641           1.938297
 "DRIFT_60"          "DRIFT"                     118.462698             1.1952                  0      0.01818410007   -1.577043742e-05        18.19948414       -1.743726019       0.4070711905        5.850643395       0.5259802889      -0.4022052388           1.938297
 "BPM22"             "MONITOR"                   118.462698                  0                  0      0.01818410007   -1.577043742e-05        18.19948414       -1.743726019       0.4070711905        5.850643395       0.5259802889      -0.4022052388           1.938297
 "DRIFT_61"          "DRIFT"                     118.568498             0.1058                  0      0.01833036654    0.0004024299695        18.57094173       -1.767215334       0.4192590079        5.741788504       0.5028939174      -0.3968889725           1.938297
 "QH22"              "QUADRUPOLE"                118.618498               0.05                  0      0.01839028717    0.0006003020868        18.72947967       -1.402483342       0.4248181607        5.697772081       0.3777288333      -0.3945754629           1.938297
 "BLM22A"            "MONITOR"                   118.618498                  0                  0      0.01839028717    0.0006003020868        18.72947967       -1.402483342       0.4248181607        5.697772081       0.3777288333      -0.3945754629           1.938297
 "QH22_A"            "QUADRUPOLE"                118.818498                0.2                  0      0.01844520853     0.001399807118        18.99182874      0.09776243475        0.442955731        5.645051233       -0.112715999      -0.3892712321           1.938297
 "QH22_B"            "MARKER"                    118.818498                  0                  0      0.01844520853     0.001399807118        18.99182874      0.09776243475        0.442955731        5.645051233       -0.112715999      -0.3892712321           1.938297
 "QH22_C"            "QUADRUPOLE"                119.068498               0.25                  0      0.01809850564       0.0024323576        18.47480537         1.95301638       0.4560949625        5.856398198      -0.7397260642      -0.3914750966           1.938297
 "DRIFT_62"          "DRIFT"                     122.440498              3.372                  0      0.01033562367      0.01671183098        8.266624158        1.074320872        0.560305151        13.84903856       -1.630570604      -0.4875412208           1.938297
 "BLM22B"            "MONITOR"                   122.440498                  0                  0      0.01033562367      0.01671183098        8.266624158        1.074320872        0.560305151        13.84903856       -1.630570604      -0.4875412208           1.938297
 "DRIFT_63"          "DRIFT"                     124.359698             1.9192                  0     0.005917319076      0.02483910421         5.10277427       0.5742044964       0.6196171895        21.08091484       -2.137601696      -0.5422180017           1.938297
 "QV23"              "QUADRUPOLE"                124.409698               0.05                  0     0.005805159615      0.02503834911        5.051086853       0.4598894462       0.6214700676        21.27405544       -1.723918755      -0.5433560605           1.938297
 "BLM23"             "MONITOR"                   124.409698                  0                  0     0.005805159615      0.02503834911        5.051086853       0.4598894462       0.6214700676        21.27405544       -1.723918755      -0.5433560605           1.938297
 "QV23_A"            "QUADRUPOLE"                124.609698                0.2                  0     0.005413713847      0.02558259766        4.956295792      0.01659847507       0.6350779103         21.6241165     -0.01701359896      -0.5421673521           1.938297
 "QV23_B"            "MARKER"                    124.609698                  0                  0     0.005413713847      0.02558259766        4.956295792      0.01659847507       0.6350779103         21.6241165     -0.01701359896      -0.5421673521           1.938297
 "QV23_C"            "QUADRUPOLE"                124.859698               0.25                  0     0.005046140274      0.02568595202        5.085896931      -0.5393287713       0.6663405983        21.09764546        2.105266733      -0.5278203168           1.938297
 "DRIFT_64"          "DRIFT"                     124.965498             0.1058                  0     0.004917949475      0.02559330422         5.20286001       -0.566182369       0.6830127472        20.65505312        2.078025719      -0.5187606204           1.938297
 "BPM23"             "MONITOR"                   124.965498                  0                  0     0.004917949475      0.02559330422         5.20286001       -0.566182369       0.6830127472        20.65505312        2.078025719      -0.5187606204           1.938297
 "DRIFT_65"          "DRIFT"                     125.166212           0.200714                  0     0.004674757715      0.02541754135        5.440366674      -0.6171265374       0.7146416101        19.83124813         2.02634658      -0.5015734003           1.938297
 "DCV23"             "VKICKER"                   125.166212                  0                  0     0.004674757715      0.02541754135        5.440366674      -0.6171265374       0.7146416101        19.83124813         2.02634658      -0.5015734003           1.938297
 "DRIFT_66"          "DRIFT"                     129.341898           4.175686                  0   -0.0003846423501      0.02258914815        15.01982322       -1.676977125        1.372653509        7.397925426       0.9512055421      -0.1449542261           1.938297
 "WS23"              "MONITOR"                   129.341898                  0                  0   -0.0003846423501      0.02258914815        15.01982322       -1.676977125        1.372653509        7.397925426       0.9512055421      -0.1449542261           1.938297
 "DRIFT_67"          "DRIFT"                     130.150898              0.809                  0    -0.001364853662      0.02204117349        17.89928912       -1.882313236        1.500137143        6.027388339       0.7429070495     -0.07586260571           1.938297
 "QH24"              "QUADRUPOLE"                130.200898               0.05                  0    -0.001424740786      0.02201835492        18.07008207       -1.532403554        1.507261868        5.959739307       0.6105259085     -0.07164238107           1.938297
 "BLM24"             "MONITOR"                   130.200898                  0                  0    -0.001424740786      0.02201835492        18.07008207       -1.532403554        1.507261868        5.959739307       0.6105259085     -0.07164238107           1.938297
 "QH24_A"            "QUADRUPOLE"                130.400898                0.2                  0    -0.001649421657      0.02214804517        18.39544001     -0.08567464248        1.520578653        5.818324631       0.1003257767     -0.05569175864           1.938297
 "QH24_B"            "MARKER"                    130.400898                  0                  0    -0.001649421657      0.02214804517        18.39544001     -0.08567464248        1.520578653        5.818324631       0.1003257767     -0.05569175864           1.938297
 "QH24_C"            "QUADRUPOLE"                130.650898               0.25                  0     -0.00189271703      0.02281143679        17.98353875        1.719485477        1.502924446        5.925377031      -0.5321085001     -0.03755762361           1.938297
 "DRIFT_68"          "DRIFT"                     130.756698             0.1058                  0    -0.001986047708       0.0232117957        17.62215838        1.696207996        1.487419867         6.04039517      -0.5550194733     -0.03025050623           1.938297
 "BPM24"             "MONITOR"                   130.756698                  0                  0    -0.001986047708       0.0232117957        17.62215838        1.696207996        1.487419867         6.04039517      -0.5550194733     -0.03025050623           1.938297
 "DRIFT_69"          "DRIFT"                     135.061658            4.30496                  0    -0.005783635963      0.03950224083        7.095392433       0.7490565234        0.856544701        14.83231748       -1.487257878       0.2670731994           1.938297
 "WS24"              "MONITOR"                   135.061658                  0                  0    -0.005783635963      0.03950224083        7.095392433       0.7490565234        0.856544701        14.83231748       -1.487257878       0.2670731994           1.938297
 "DRIFT_70"          "DRIFT"                     135.792098            0.73044                  0    -0.006427988144      0.04226630664        6.118497579       0.5883494967       0.7495015563        17.12056133       -1.645434544       0.3175213168           1.938297
 "QV25"              "QUADRUPOLE"                135.842098               0.05                  0    -0.006475326523      0.04243428594        6.066312355       0.4557039102        0.742552622        17.26836993        -1.30974913       0.3208390421           1.938297
 "BLM25"             "MONITOR"                   135.842098                  0                  0    -0.006475326523      0.04243428594        6.066312355       0.4557039102        0.742552622        17.26836993        -1.30974913       0.3208390421           1.938297
 "QV25_A"            "QUADRUPOLE"                136.042098                0.2                  0     -0.00673020536      0.04267958256        5.987953416     -0.06181563105       0.7222217184        17.51729767      0.07177553452       0.3313505847           1.938297
 "QV25_B"            "MARKER"                    136.042098                  0                  0     -0.00673020536      0.04267958256        5.987953416     -0.06181563105       0.7222217184        17.51729767      0.07177553452       0.3313505847           1.938297
 "QV25_C"            "QUADRUPOLE"                136.242098                0.2                  0    -0.007093234164       0.0422408783        6.116295632      -0.5833244805       0.7136202033        17.21156186        1.448717415       0.3373324076           1.938297
 "BLM_MOV04"         "MONITOR"                   136.242098                  0                  0    -0.007093234164       0.0422408783        6.116295632      -0.5833244805       0.7136202033        17.21156186        1.448717415       0.3373324076           1.938297
 "QV25_D"            "QUADRUPOLE"                136.292098               0.05                  0    -0.007201534022      0.04202491104        6.181351748      -0.7182328112       0.7132829823        17.04997963        1.781846557       0.3381065708           1.938297
 "DRIFT_71"          "DRIFT"                     136.397898             0.1058                  0    -0.007438299596      0.04152324881        6.336074837       -0.744178239        0.713335078        16.67568185        1.755939629       0.3394372172           1.938297
 "BPM25"             "MONITOR"                   136.397898                  0                  0    -0.007438299596      0.04152324881        6.336074837       -0.744178239        0.713335078        16.67568185        1.755939629       0.3394372172           1.938297
 "DRIFT_72"          "DRIFT"                     139.002498             2.6046                  0     -0.01326702941      0.02917325411        11.87628003       -1.382906607       0.7146175781        9.189804371        1.118159073       0.3721952678           1.938297
 "BCM25"             "MONITOR"                   139.002498                  0                  0     -0.01326702941      0.02917325411        11.87628003       -1.382906607       0.7146175781        9.189804371        1.118159073       0.3721952678           1.938297
 "DRIFT_73"          "DRIFT"                     141.496798             2.4943                  0     -0.01884892327      0.01734625888        20.30075986       -1.994586008       0.7158457667        5.135203937       0.5073873461       0.4035660755           1.938297
 "QH26"              "QUADRUPOLE"                141.633298             0.1365                  0     -0.01906812529       0.0167771279        20.66213416      -0.6447995277       0.7125557629        5.047350312       0.1381824578       0.4070359887           1.938297
 "BLM26"             "MONITOR"                   141.633298                  0                  0     -0.01906812529       0.0167771279        20.66213416      -0.6447995277       0.7125557629        5.047350312       0.1381824578       0.4070359887           1.938297
 "QH26_A"            "QUADRUPOLE"                141.833298                0.2                  0     -0.01907560154      0.01621839568        20.51790594        1.361232678       0.6956841561        5.098853796      -0.3973766993       0.4185248488           1.938297
 "QH26_B"            "MARKER"                    141.833298                  0                  0     -0.01907560154      0.01621839568        20.51790594        1.361232678       0.6956841561        5.098853796      -0.3973766993       0.4185248488           1.938297
 "QH26_C"            "QUADRUPOLE"                142.169798             0.3365                  0     -0.01825092348      0.01599270048        18.53542926        4.421087709       0.6359837859        5.690036666       -1.391788589       0.4557288086           1.938297
 "DRIFT_74"          "DRIFT"                     147.464298             5.2945                  0      0.00283206739      0.01940859647        2.792938035       -1.447720776      -0.5996959161        34.89706686       -4.124696479        1.225408031           1.938297
 "QV27"              "QUADRUPOLE"                147.774298               0.31                  0      0.00410575892      0.01937382828        3.880454056       -2.088600231      -0.6796416676        36.62630522       -1.408499172        1.255788104           1.938297
 "BLM27"             "MONITOR"                   147.774298                  0                  0      0.00410575892      0.01937382828        3.880454056       -2.088600231      -0.6796416676        36.62630522       -1.408499172        1.255788104           1.938297
 "QV27_A"            "QUADRUPOLE"                147.974298                0.2                  0     0.004978214141      0.01910298639        4.816116979       -2.605384876      -0.7398712447        36.82211892       0.4327145896         1.25961992           1.938297
 "QV27_B"            "MARKER"                    147.974298                  0                  0     0.004978214141      0.01910298639        4.816116979       -2.605384876      -0.7398712447        36.82211892       0.4327145896         1.25961992           1.938297
 "QV27_C"            "QUADRUPOLE"                148.484298               0.51                  0     0.007451644698      0.01755509658        8.342656217       -4.459455414      -0.9290641502        34.05230824        4.879396748        1.213329855           1.938297
 "DRIFT_75"          "DRIFT"                     148.795099           0.310801                  0     0.009090345095      0.01624975321        11.35650432       -5.237579349        -1.06167341        31.08964055        4.652965386        1.160919814           1.938297
 "BPM27"             "MONITOR"                   148.795099                  0                  0     0.009090345095      0.01624975321        11.35650432       -5.237579349        -1.06167341        31.08964055        4.652965386        1.160919814           1.938297
 "DRIFT_76"          "DRIFT"                     149.451742           0.656643                  0       0.0125524998      0.01349189662        19.31444981       -6.881556154       -1.341842849        25.29309871        4.174573847        1.050190805           1.938297
 "QH28"              "QUADRUPOLE"                149.761742               0.31                  0       0.0139485491      0.01242907629        23.01880575       -4.922166966       -1.448609042        23.64720502        1.199232201        1.016556675           1.938297
 "BLM28"             "MONITOR"                   149.761742                  0                  0       0.0139485491      0.01242907629        23.01880575       -4.922166966       -1.448609042        23.64720502        1.199232201        1.016556675           1.938297
 "QH28_A"            "QUADRUPOLE"                149.961742                0.2                  0      0.01458216573      0.01198673336        24.66328429       -3.258523598       -1.489362194        23.52804177      -0.6004002151        1.014360416           1.938297
 "QH28_B"            "MARKER"                    149.961742                  0                  0      0.01458216573      0.01198673336        24.66328429       -3.258523598       -1.489362194        23.52804177      -0.6004002151        1.014360416           1.938297
 "QH28_C"            "QUADRUPOLE"                150.471742               0.51                  0       0.0151824003      0.01167609779        25.53240819         1.61087762       -1.489265217        26.60023069       -5.620666307        1.078238895           1.938297
 "DRIFT_77"          "DRIFT"                     150.968217           0.496475                  0      0.01503998158      0.01193575865        23.96759233        1.540974647       -1.416090064        32.48327962         -6.2289715        1.190222589           1.938297
 "DCH28"             "HKICKER"                   150.968217                  0                  0      0.01503998158      0.01193575865        23.96759233        1.540974647       -1.416090064        32.48327962         -6.2289715        1.190222589           1.938297
 "DCV28"             "VKICKER"                   150.968217                  0                  0      0.01503998158      0.01193575865        23.96759233        1.540974647       -1.416090064        32.48327962         -6.2289715        1.190222589           1.938297
 "DRIFT_78"          "DRIFT"                     153.973287            3.00507                  0      0.01537285378      0.01373161534        15.97759286        1.117865071       -0.974540154        80.98480942       -9.910928669        1.867782678           1.938297
 "QV29"              "QUADRUPOLE"                154.283287               0.31                  0      0.01559038143      0.01375327794        15.66989322      -0.1174341676      -0.9406237881        85.23985684       -3.706112096        1.915436385           1.938297
 "BLM29"             "MONITOR"                   154.283287                  0                  0      0.01559038143      0.01375327794        15.66989322      -0.1174341676      -0.9406237881        85.23985684       -3.706112096        1.915436385           1.938297
 "QV29_A"            "QUADRUPOLE"                154.483287                0.2                  0       0.0159270728      0.01359382895        15.87530794      -0.9130241381      -0.9308832647        85.87893461       0.5212675093         1.92229253           1.938297
 "QV29_B"            "MARKER"                    154.483287                  0                  0       0.0159270728      0.01359382895        15.87530794      -0.9130241381      -0.9308832647        85.87893461       0.5212675093         1.92229253           1.938297
 "QV29_C"            "QUADRUPOLE"                154.993287               0.51                  0      0.01751137299      0.01258623941         17.9210746       -3.183931207      -0.9486146192        79.96644509        10.82218429        1.854792904           1.938297
 "DRIFT_79"          "DRIFT"                     155.304088           0.310801                  0       0.0188080149      0.01171752618        19.96024495       -3.377084838      -0.9781771041          73.382039        10.36309533        1.776952963           1.938297
 "BPM29"             "MONITOR"                   155.304088                  0                  0       0.0188080149      0.01171752618        19.96024495       -3.377084838      -0.9781771041          73.382039        10.36309533        1.776952963           1.938297
 "DRIFT_80"          "DRIFT"                     155.960731           0.656643                  0      0.02154748752     0.009882157355        24.66328882       -3.785169045       -1.040635072        60.40923367        9.393157798        1.612497081           1.938297
 "QH30"              "QUADRUPOLE"                156.270731               0.31                  0      0.02273285354     0.009062872071        26.81263226       -3.125464257       -1.064839436        55.28540864        7.189431454        1.542608228           1.938297
 "BLM30"             "MONITOR"                   156.270731                  0                  0      0.02273285354     0.009062872071        26.81263226       -3.125464257       -1.064839436        55.28540864        7.189431454        1.542608228           1.938297
 "QH30_A"            "QUADRUPOLE"                156.470731                0.2                  0      0.02337975525     0.008582085878        27.96590027       -2.633009362       -1.074780849        52.66646517        5.923139882        1.505554718           1.938297
 "QH30_B"            "MARKER"                    156.470731                  0                  0      0.02337975525     0.008582085878        27.96590027       -2.633009362       -1.074780849        52.66646517        5.923139882        1.505554718           1.938297
 "QH30_C"            "QUADRUPOLE"                156.980731               0.51                  0      0.02459138838     0.007510845261        29.93986482       -1.203123616       -1.079687995        48.11057134        3.089066293        1.438494044           1.938297
 "DRIFT_81"          "DRIFT"                     157.477206           0.496475                  0       0.0254569793     0.006569670626        31.15465613       -1.243709162       -1.070114111        45.09729504         2.98027516        1.391971184           1.938297
 "DCH30"             "HKICKER"                   157.477206                  0                  0       0.0254569793     0.006569670626        31.15465613       -1.243709162       -1.070114111        45.09729504         2.98027516        1.391971184           1.938297
 "DCV30"             "VKICKER"                   157.477206                  0                  0       0.0254569793     0.006569670626        31.15465613       -1.243709162       -1.070114111        45.09729504         2.98027516        1.391971184           1.938297
 "DRIFT_82"          "DRIFT"                     158.813005           1.335799                  0      0.02831706296     0.004137028293        34.62321376       -1.352907271       -1.044961954        37.52619931        2.687565383        1.266684452           1.938297
 "BPM30"             "MONITOR"                   158.813005                  0                  0      0.02831706296     0.004137028293        34.62321376       -1.352907271       -1.044961954        37.52619931        2.687565383        1.266684452           1.938297
 "DRIFT_83"          "DRIFT"                     165.740498           6.927493                  0      0.04314954119    -0.008478726574        57.29079634       -1.919211889      -0.9145221234        10.80596357        1.169563847       0.6169437647           1.938297
 "VIW"               "MARKER"                    165.740498                  0                  0      0.04314954119    -0.008478726574        57.29079634       -1.919211889      -0.9145221234        10.80596357        1.169563847       0.6169437647           1.938297
 "DRIFT_84"          "DRIFT"                     168.065698             2.3252                  0      0.04812803462     -0.01271318097        66.65787118       -2.109290969      -0.8707402396         6.55174665       0.6600494856       0.3988595249           1.938297
 "RTBT_TGT"          "MARKER"                    168.065698                  0                  0      0.04812803462     -0.01271318097        66.65787118       -2.109290969      -0.8707402396         6.55174665       0.6600494856       0.3988595249           1.938297
 "DRIFT_85"          "DRIFT"                     168.277698              0.212                  0      0.04858194852     -0.01309925715        67.55588461        -2.12662142      -0.8667484284        6.281734117       0.6135945378       0.3789757046           1.938297
 "END_RTBT"          "MARKER"                    168.277698                  0                  0      0.04858194852     -0.01309925715        67.55588461        -2.12662142      -0.8667484284        6.281734117       0.6135945378       0.3789757046           1.938297
 "RTBT_RTBT$END"     "MARKER"                    168.277698                  0                  0      0.04858194852     -0.01309925715        67.55588461        -2.12662142      -0.8667484284        6.281734117       0.6135945378       0.3789757046           1.938297
