@ NAME             %05s "TWISS"
@ TYPE             %05s "TWISS"
@ SEQUENCE         %09s "RTBT_RTBT"
@ PARTICLE         %06s "PROTON"
@ MASS             %le        0.9382720813
@ CHARGE           %le                   1
@ ENERGY           %le            1.938272
@ PC               %le          1.69603769
@ GAMMA            %le         2.065788846
@ KBUNCH           %le                   1
@ BCURRENT         %le                   0
@ SIGE             %le               0.001
@ SIGT             %le                   1
@ NPART            %le                   0
@ EX               %le                   1
@ EY               %le                   1
@ ET               %le               0.001
@ BV_FLAG          %le                   1
@ LENGTH           %le          168.277698
@ ALFA             %le                   0
@ ORBIT5           %le                  -0
@ GAMMATR          %le                   0
@ Q1               %le         3.387371033
@ Q2               %le         3.377900313
@ DQ1              %le                   0
@ DQ2              %le                   0
@ DXMAX            %le         4.456817238
@ DYMAX            %le          1.92160448
@ XCOMAX           %le       0.04855635547
@ YCOMAX           %le       0.04314241391
@ BETXMAX          %le         64.91651632
@ BETYMAX          %le         92.13480108
@ XCORMS           %le        0.0132765129
@ YCORMS           %le       0.01995662352
@ DXRMS            %le         1.485229357
@ DYRMS            %le        0.5520709948
@ DELTAP           %le                   0
@ SYNCH_1          %le                   0
@ SYNCH_2          %le                   0
@ SYNCH_3          %le                   0
@ SYNCH_4          %le                   0
@ SYNCH_5          %le                   0
@ TITLE            %87s "Logged Machine Design RF Lattice: RTBT_RTBT  Date created: Fri Aug 06 14:07:05 EDT 2021"
@ ORIGIN           %17s "5.05.02 Darwin 64"
@ DATE             %08s "06/08/21"
@ TIME             %08s "14.07.07"
* NAME               KEYWORD                             S                  L                 K1                  X                  Y               BETX               ALFX                 DX               BETY               ALFY                 DY             ENERGY 
$ %s                 %s                                %le                %le                %le                %le                %le                %le                %le                %le                %le                %le                %le                %le 
 "RTBT_RTBT$START"   "MARKER"                             0                  0                  0                  0                  0             5.8471            -1.3168                  0             9.2607             0.6831                  0           1.938272
 "BEGIN_RTBT"        "MARKER"                             0                  0                  0                  0                  0             5.8471            -1.3168                  0             9.2607             0.6831                  0           1.938272
 "BEGIN_OF_RTBT1"    "MARKER"                             0                  0                  0                  0                  0             5.8471            -1.3168                  0             9.2607             0.6831                  0           1.938272
 "DRIFT_0"           "DRIFT"                         4.6635             4.6635                  0                  0                  0        28.29783987       -3.497339568                  0        6.333713923     -0.05546280111                  0           1.938272
 "QTH_C10"           "QUADRUPOLE"                         5             0.3365                  0                  0                  0        28.45658461         3.03778037                  0        6.892671713       -1.648124994                  0           1.938272
 "QTH_C10_A"         "MARKER"                             5                  0                  0                  0                  0        28.45658461         3.03778037                  0        6.892671713       -1.648124994                  0           1.938272
 "QTH_C10_B"         "QUADRUPOLE"                    5.3365             0.3365                  0                  0                  0        24.41604615        8.659405188                  0        8.667948667       -3.762552175                  0           1.938272
 "DRIFT_1"           "DRIFT"                         5.7585              0.422                  0                  0                  0        17.66172427        7.346096897                  0        12.15494088       -4.500462536                  0           1.938272
 "QTV_C11"           "QUADRUPOLE"                     6.025             0.2665                  0                  0                  0        14.77734787        3.666070566                  0        13.96468077       -2.170893574                  0           1.938272
 "QTV_C11_A"         "MARKER"                         6.025                  0                  0                  0                  0        14.77734787        3.666070566                  0        13.96468077       -2.170893574                  0           1.938272
 "QTV_C11_B"         "QUADRUPOLE"                    6.2915             0.2665                  0                  0                  0        13.61528621       0.7705271077                  0        14.38886008       0.6072151416                  0           1.938272
 "DRIFT_2"           "DRIFT"                      16.240021           9.948521                  0                  0                  0        9.869184767      -0.3939785288                  0        11.72168124      -0.3391171166                  0           1.938272
 "EXSPTM"            "SBEND"                      17.480021               1.24                  0                  0                  0        10.80042192      -0.3516314902      -0.1036868735        12.70895268      -0.4570695238                  0           1.938272
 "EXSPTM_A"          "MARKER"                     17.480021                  0                  0                  0                  0        10.80042192      -0.3516314902      -0.1036868735        12.70895268      -0.4570695238                  0           1.938272
 "EXSPTM_B"          "SBEND"                      18.720021               1.24                  0                  0                  0        11.58839567      -0.6928849748      -0.4125231219        13.98874608     -0.07573611952                  0           1.938272
 "DRIFT_3"           "DRIFT"                             20           1.279979                  0                  0                  0        13.57140447      -0.8563660679      -0.8541376879        14.30041803      -0.1677615877                  0           1.938272
 "RTBT_POST_SEPTUM"  "MARKER"                            20                  0                  0                  0                  0        13.57140447      -0.8563660679      -0.8541376879        14.30041803      -0.1677615877                  0           1.938272
 "DRIFT_4"           "DRIFT"                      22.328798           2.328798                  0                  0                  0        18.25268475       -1.153804106       -1.657612681        15.47169774      -0.3351930271                  0           1.938272
 "QV01"              "QUADRUPOLE"                 22.595298             0.2665                  0                  0                  0        19.68718902       -4.305545769       -1.785825627        14.99737957        2.089527574                  0           1.938272
 "QV01_A"            "MARKER"                     22.595298                  0                  0                  0                  0        19.68718902       -4.305545769       -1.785825627        14.99737957        2.089527574                  0           1.938272
 "QV01_B"            "QUADRUPOLE"                 22.861798             0.2665                  0                  0                  0        22.97451486       -8.205160717       -1.990763952        13.30729115        4.161509617                  0           1.938272
 "DRIFT_5"           "DRIFT"                      23.218798              0.357                  0                  0                  0        29.21202437       -9.266854713       -2.320228535        10.51141331        3.670080981                  0           1.938272
 "QH02"              "QUADRUPOLE"                 23.355298             0.1365                  0                  0                  0        31.45465699       -7.101730628       -2.433075499         9.64512595         2.69985846                  0           1.938272
 "BLM02"             "MONITOR"                    23.355298                  0                  0                  0                  0        31.45465699       -7.101730628       -2.433075499         9.64512595         2.69985846                  0           1.938272
 "QH02_A"            "QUADRUPOLE"                 23.555298                0.2                  0                  0                  0        33.57012091       -3.391266515       -2.549311807        8.814704948        1.485241944                  0           1.938272
 "QH02_B"            "MARKER"                     23.555298                  0                  0                  0                  0        33.57012091       -3.391266515       -2.549311807        8.814704948        1.485241944                  0           1.938272
 "QH02_C"            "QUADRUPOLE"                 23.891798             0.3365                  0                  0                  0        33.57373762        3.380761749       -2.607045923        8.420965848      -0.2888947939                  0           1.938272
 "DRIFT_6"           "DRIFT"                      27.336298             3.4445                  0                  0                  0        14.67613273        2.105551182       -2.297706002        11.93768538      -0.7320718277                  0           1.938272
 "WS02"              "MONITOR"                    27.336298                  0                  0                  0                  0        14.67613273        2.105551182       -2.297706002        11.93768538      -0.7320718277                  0           1.938272
 "DRIFT_7"           "DRIFT"                      28.003298              0.667                  0                  0                  0        12.03203268        1.858616809       -2.237804789         12.9715096      -0.8178895317                  0           1.938272
 "BCM02"             "MONITOR"                    28.003298                  0                  0                  0                  0        12.03203268        1.858616809       -2.237804789         12.9715096      -0.8178895317                  0           1.938272
 "DRIFT_8"           "DRIFT"                      28.805298              0.802                  0                  0                  0        9.288936023        1.561703215       -2.165779642        14.36616047      -0.9210766361                  0           1.938272
 "QV03"              "QUADRUPOLE"                 28.855298               0.05                  0                  0                  0        9.146837193        1.281628453       -2.162837523        14.43796032      -0.5142354763                  0           1.938272
 "BLM03"             "MONITOR"                    28.855298                  0                  0                  0                  0        9.146837193        1.281628453       -2.162837523        14.43796032      -0.5142354763                  0           1.938272
 "QV03_A"            "QUADRUPOLE"                 29.055298                0.2                  0                  0                  0        8.848932179       0.2192436781       -2.182037211        14.31605599        1.119099612                  0           1.938272
 "QV03_B"            "MARKER"                     29.055298                  0                  0                  0                  0        8.848932179       0.2192436781       -2.182037211        14.31605599        1.119099612                  0           1.938272
 "QV03_C"            "QUADRUPOLE"                 29.305298               0.25                  0                  0                  0        9.064427565       -1.091476599       -2.276564663        13.27355252        3.001084095                  0           1.938272
 "DRIFT_9"           "DRIFT"                      32.666098             3.3608                  0                  0                  0        19.13145204       -1.903948442       -4.085404944        1.616386481       0.4674847089                  0           1.938272
 "QH04"              "QUADRUPOLE"                 32.716098               0.05                  0                  0                  0        19.29205071       -1.306333847       -4.109082952        1.574028658       0.3801176906                  0           1.938272
 "BLM04"             "MONITOR"                    32.716098                  0                  0                  0                  0        19.29205071       -1.306333847       -4.109082952        1.574028658       0.3801176906                  0           1.938272
 "QH04_A"            "QUADRUPOLE"                 32.916098                0.2                  0                  0                  0        19.32797295         1.12823817       -4.138685754        1.488849133      0.04936138143                  0           1.938272
 "QH04_B"            "MARKER"                     32.916098                  0                  0                  0                  0        19.32797295         1.12823817       -4.138685754        1.488849133      0.04936138143                  0           1.938272
 "QH04_C"            "QUADRUPOLE"                 33.166098               0.25                  0                  0                  0        18.03267874        3.984566674       -4.029090187        1.565715465      -0.3608627873                  0           1.938272
 "DRIFT_10"          "DRIFT"                      36.526898             3.3608                  0                  0                  0        1.820976219       0.8391962741       -1.473189587        12.14464356       -2.786878254                  0           1.938272
 "QV05"              "QUADRUPOLE"                 36.576898               0.05                  0                  0                  0        1.743132324        0.718778676       -1.436708607        12.39908369       -2.298337646                  0           1.938272
 "BLM05"             "MONITOR"                    36.576898                  0                  0                  0                  0        1.743132324        0.718778676       -1.436708607        12.39908369       -2.298337646                  0           1.938272
 "QV05_A"            "QUADRUPOLE"                 36.776898                0.2                  0                  0                  0        1.543923753       0.2884701759       -1.320489347        12.90314252      -0.1934737163                  0           1.938272
 "QV05_B"            "MARKER"                     36.776898                  0                  0                  0                  0        1.543923753       0.2884701759       -1.320489347        12.90314252      -0.1934737163                  0           1.938272
 "QV05_C"            "QUADRUPOLE"                 37.026898               0.25                  0                  0                  0        1.522233198       -0.200184692       -1.237892366        12.33137153        2.440119899                  0           1.938272
 "DRIFT_11"          "DRIFT"                      37.333412           0.306514                  0                  0                  0        1.709144424      -0.4096120091       -1.177444896        10.88849258        2.267263612                  0           1.938272
 "DCV05"             "VKICKER"                    37.333412                  0                  0                  0                  0        1.709144424      -0.4096120091       -1.177444896        10.88849258        2.267263612                  0           1.938272
 "DRIFT_12"          "DRIFT"                      40.387698           3.054286                  0                  0     0.005057103502        10.58514735       -2.496469127      -0.5751107072        2.299579559       0.5448217723     -0.00577937753           1.938272
 "QH06"              "QUADRUPOLE"                 40.437698               0.05                  0                  0     0.005145444015        10.81303664       -2.057998078      -0.5646259133        2.251454855       0.4183729052    -0.005886682997           1.938272
 "BLM06"             "MONITOR"                    40.437698                  0                  0                  0     0.005145444015        10.81303664       -2.057998078      -0.5646259133        2.251454855       0.4183729052    -0.005886682997           1.938272
 "QH06_A"            "QUADRUPOLE"                 40.637698                0.2                  0                  0     0.005613504184        11.26286358       -0.164877378       -0.510626512        2.180895823     -0.06147791995    -0.006578790835           1.938272
 "QH06_B"            "MARKER"                     40.637698                  0                  0                  0     0.005613504184        11.26286358       -0.164877378       -0.510626512        2.180895823     -0.06147791995    -0.006578790835           1.938272
 "QH06_C"            "QUADRUPOLE"                 40.887698               0.25                  0                  0     0.006477800031        10.74408838        2.202073057      -0.4183886682        2.363319844      -0.6814505762    -0.008092513761           1.938272
 "DRIFT_13"          "DRIFT"                      41.194212           0.306514                  0                  0     0.007743733056        9.445303154        2.035205579      -0.2901960764        2.839282525      -0.8713746803     -0.01043595366           1.938272
 "DCH06"             "HKICKER"                    41.194212                  0                  0                  0     0.007743733056        9.445303154        2.035205579      -0.2901960764        2.839282525      -0.8713746803     -0.01043595366           1.938272
 "DRIFT_14"          "DRIFT"                      44.248498           3.054286                  0    -0.004956586949      0.02035823521        2.091665694       0.3724397624       0.9928549047        13.94242146       -2.763890299     -0.03378736881           1.938272
 "QV07"              "QUADRUPOLE"                 44.298498               0.05                  0    -0.005042997638      0.02054315023         2.06015654       0.2581873692        1.014922181        14.19051241       -2.194431467     -0.03410912713           1.938272
 "BLM07"             "MONITOR"                    44.298498                  0                  0    -0.005042997638      0.02054315023         2.06015654       0.2581873692        1.014922181        14.19051241       -2.194431467     -0.03410912713           1.938272
 "QV07_A"            "QUADRUPOLE"                 44.498498                0.2                  0    -0.005497447642      0.02084603003        2.045961148      -0.1864118833        1.125312932        14.59018931       0.2186314577      -0.0341731358           1.938272
 "QV07_B"            "MARKER"                     44.498498                  0                  0    -0.005497447642      0.02084603003        2.045961148      -0.1864118833        1.125312932        14.59018931       0.2186314577      -0.0341731358           1.938272
 "QV07_C"            "QUADRUPOLE"                 44.748498               0.25                  0    -0.006330161504      0.02023683945        2.284715977      -0.7853744865        1.317847531        13.73141291        3.155738277     -0.03151246796           1.938272
 "DRIFT_15"          "DRIFT"                      44.854298             0.1058                  0    -0.006749968535      0.01974940868        2.458822563      -0.8602454228        1.413366047        13.07259204        3.071302045     -0.02975890436           1.938272
 "BPM07"             "MONITOR"                    44.854298                  0                  0    -0.006749968535      0.01974940868        2.458822563      -0.8602454228        1.413366047        13.07259204        3.071302045     -0.02975890436           1.938272
 "DRIFT_16"          "DRIFT"                      45.055012           0.200714                  0    -0.007546387708      0.01882470001        2.832658225       -1.002283656        1.594574964         11.8718367        2.911117413     -0.02643220525           1.938272
 "DCV07"             "VKICKER"                    45.055012                  0                  0    -0.007546387708      0.01882470001        2.832658225       -1.002283656        1.594574964         11.8718367        2.911117413     -0.02643220525           1.938272
 "DRIFT_17"          "DRIFT"                      48.109298           3.054286                  0     -0.01966558184     0.003546898617        15.55674656        -3.16369436        4.352050064         1.53403006       0.4735710678       0.0255692408           1.938272
 "QH08"              "QUADRUPOLE"                 48.159298               0.05                  0     -0.01984243519     0.003300577194        15.84047215       -2.506685765         4.39239851        1.491953378       0.3685751143      0.02644443996           1.938272
 "BLM08"             "MONITOR"                    48.159298                  0                  0     -0.01984243519     0.003300577194        15.84047215       -2.506685765         4.39239851        1.491953378       0.3685751143      0.02644443996           1.938272
 "QH08_A"            "QUADRUPOLE"                 48.359298                0.2                  0     -0.02011412865     0.002382238169        16.29101643       0.2802654243        4.456817238        1.424618759      -0.0279895455       0.0304671426           1.938272
 "QH08_B"            "MARKER"                     48.359298                  0                  0     -0.02011412865     0.002382238169        16.29101643       0.2802654243        4.456817238        1.424618759      -0.0279895455       0.0304671426           1.938272
 "QH08_C"            "QUADRUPOLE"                 48.609298               0.25                  0     -0.01946942932     0.001348241134        15.28657199        3.664121043        4.318103115        1.563049611      -0.5357751587      0.03688613305           1.938272
 "DRIFT_18"          "DRIFT"                      48.715098             0.1058                  0      -0.0189681269    0.0009301166869         14.5218073        3.564278656        4.208482414        1.685636764      -0.6228935843      0.03998018318           1.938272
 "BPM08"             "MONITOR"                    48.715098                  0                  0      -0.0189681269    0.0009301166869         14.5218073        3.564278656        4.208482414        1.685636764      -0.6228935843      0.03998018318           1.938272
 "DRIFT_19"          "DRIFT"                      48.915812           0.200714                  0     -0.01801710217    0.0001368895575        13.12902365        3.374866889        4.000520133        1.968856303      -0.7881666247      0.04584992967           1.938272
 "DCH08"             "HKICKER"                    48.915812                  0                  0     -0.01801710217    0.0001368895575        13.12902365        3.374866889        4.000520133        1.968856303      -0.7881666247      0.04584992967           1.938272
 "DRIFT_20"          "DRIFT"                      51.970098           3.054286                  0    -0.002211208112     -0.01193373091        1.316770939       0.4925681539       0.8344116979        14.46488852       -3.303143823       0.1351704779           1.938272
 "QV09"              "QUADRUPOLE"                 52.020098               0.05                  0    -0.001954705424     -0.01211864956        1.272591468       0.3916438786       0.7834476407        14.76623416       -2.719520868       0.1364748225           1.938272
 "BLM09"             "MONITOR"                    52.020098                  0                  0    -0.001954705424     -0.01211864956        1.272591468       0.3916438786       0.7834476407        14.76623416       -2.719520868       0.1364748225           1.938272
 "QV09_A"            "QUADRUPOLE"                 52.220098                0.2                  0   -0.0009647291783     -0.01259906126        1.192577105      0.01292895314       0.5951730555        15.35826463      -0.2071776911       0.1384936176           1.938272
 "QV09_B"            "MARKER"                     52.220098                  0                  0   -0.0009647291783     -0.01259906126        1.192577105      0.01292895314       0.5951730555        15.35826463      -0.2071776911       0.1384936176           1.938272
 "QV09_C"            "QUADRUPOLE"                 52.470098               0.25                  0    0.0002305333937     -0.01260138834        1.303381567      -0.4639282754       0.3875902545        14.66484266         2.93182416       0.1337744205           1.938272
 "DRIFT_21"          "DRIFT"                      52.575898             0.1058                  0    0.0007345068474     -0.01246082072        1.411985366       -0.562572662       0.3048283762        14.05179296        2.862596432       0.1300942755           1.938272
 "BPM09"             "MONITOR"                    52.575898                  0                  0    0.0007345068474     -0.01246082072        1.411985366       -0.562572662       0.3048283762        14.05179296        2.862596432       0.1300942755           1.938272
 "DRIFT_22"          "DRIFT"                      55.830898              3.255                  0      0.01623955025    -0.008136174197        14.95278087       -3.597425956       -2.241390091        2.348894176       0.7327641786      0.01687242068           1.938272
 "QH10"              "QUADRUPOLE"                 55.880898               0.05                  0      0.01645990587    -0.008078605532        15.28169594       -2.976085823       -2.278020758        2.282281761       0.6004538659      0.01516114636           1.938272
 "BLM10"             "MONITOR"                    55.880898                  0                  0      0.01645990587    -0.008078605532        15.28169594       -2.976085823       -2.278020758        2.282281761       0.6004538659      0.01516114636           1.938272
 "QH10_A"            "QUADRUPOLE"                 56.080898                0.2                  0      0.01697827923    -0.008024119777        15.94227926      -0.2882683832       -2.373750854        2.141275628       0.1127699477      0.00881247832           1.938272
 "QH10_B"            "MARKER"                     56.080898                  0                  0      0.01697827923    -0.008024119777        15.94227926      -0.2882683832       -2.373750854        2.141275628       0.1127699477      0.00881247832           1.938272
 "QH10_C"            "QUADRUPOLE"                 56.330898               0.25                  0      0.01679420223    -0.008352180409        15.23067025        3.082709626       -2.376043352        2.231974334      -0.4821437431     0.001741152045           1.938272
 "DRIFT_23"          "DRIFT"                      56.436698             0.1058                  0      0.01652066978    -0.008585819568        14.58608805        3.009749748       -2.349220887        2.340176909      -0.5405649086     -0.00109649105           1.938272
 "BPM10"             "MONITOR"                    56.436698                  0                  0      0.01652066978    -0.008585819568        14.58608805        3.009749748       -2.349220887        2.340176909      -0.5405649086     -0.00109649105           1.938272
 "DRIFT_24"          "DRIFT"                      59.691698              3.255                  0     0.008105281311     -0.01577386742        2.298966205       0.7650956716       -1.524011769        11.70966759       -2.337926853     -0.08839827058           1.938272
 "QV11"              "QUADRUPOLE"                 59.741698               0.05                  0      0.00798453682     -0.01586757219        2.228937932       0.6364566901       -1.512952358        11.91977095       -1.861178477     -0.08966450282           1.938272
 "BLM11"             "MONITOR"                    59.741698                  0                  0      0.00798453682     -0.01586757219        2.228937932       0.6364566901       -1.512952358        11.91977095       -1.861178477     -0.08966450282           1.938272
 "QV11_A"            "QUADRUPOLE"                 59.941698                0.2                  0      0.00766837926     -0.01590605835        2.070329468       0.1655077696       -1.500766277        12.26368728       0.1610304372     -0.09319641363           1.938272
 "QV11_B"            "MARKER"                     59.941698                  0                  0      0.00766837926     -0.01590605835        2.070329468       0.1655077696       -1.500766277        12.26368728       0.1610304372     -0.09319641363           1.938272
 "QV11_C"            "QUADRUPOLE"                 60.191698               0.25                  0     0.007638582638     -0.01520122113        2.127564462      -0.3984671931       -1.557662036        11.55425172        2.626537887     -0.09404261898           1.938272
 "DRIFT_25"          "DRIFT"                      60.498212           0.306514                  0     0.007848790926     -0.01383466062        2.423006246      -0.5654097723       -1.677339622        10.00833698        2.416999218     -0.09260535421           1.938272
 "DCV11"             "VKICKER"                    60.498212                  0                  0     0.007848790926     -0.01383466062        2.423006246      -0.5654097723       -1.677339622        10.00833698        2.416999218     -0.09260535421           1.938272
 "DRIFT_26"          "DRIFT"                      62.097498           1.599286                  0     0.008945586415     -0.00545396202        5.624567713       -1.436459479       -2.301776636        4.025892968        1.323697577     -0.08653523809           1.938272
 "BCM11"             "MONITOR"                    62.097498                  0                  0     0.008945586415     -0.00545396202        5.624567713       -1.436459479       -2.301776636        4.025892968        1.323697577     -0.08653523809           1.938272
 "DRIFT_27"          "DRIFT"                      63.552498              1.455                  0     0.009943430101     0.002170638245        10.95770059       -2.228923943       -2.869877561        1.621170665       0.3290325282     -0.08101276184           1.938272
 "QH12"              "QUADRUPOLE"                 63.602498               0.05                  0       0.0099698271     0.002434442808        11.16434856       -1.901850287       -2.887110237        1.592515098       0.2443817607     -0.08088923432           1.938272
 "BLM12"             "MONITOR"                    63.602498                  0                  0       0.0099698271     0.002434442808        11.16434856       -1.901850287       -2.887110237        1.592515098       0.2443817607     -0.08088923432           1.938272
 "QH12_A"            "QUADRUPOLE"                 63.802498                0.2                  0     0.009917272105     0.003532556855        11.64776851      -0.4947693427       -2.909912956        1.560698413       -0.083954974     -0.08172842958           1.938272
 "QH12_B"            "MARKER"                     63.802498                  0                  0     0.009917272105     0.003532556855        11.64776851      -0.4947693427       -2.909912956        1.560698413       -0.083954974     -0.08172842958           1.938272
 "QH12_C"            "QUADRUPOLE"                 64.052498               0.25                  0     0.009499191768     0.005035004775        11.43949485        1.316824035       -2.834504595        1.707362514      -0.5104346531     -0.08585648191           1.938272
 "DRIFT_28"          "DRIFT"                      68.445984           4.393486                  0    -0.001217438096      0.03301369803        4.481925655       0.2667861543      -0.5057934185        20.44371016       -3.754139683      -0.1895337058           1.938272
 "DCV13"             "VKICKER"                    68.445984                  0                  0    -0.001217438096      0.03301369803        4.481925655       0.2667861543      -0.5057934185        20.44371016       -3.754139683      -0.1895337058           1.938272
 "DRIFT_29"          "DRIFT"                      68.646698           0.200714                  0    -0.001707021458      0.03448978326        4.384458555       0.2188157492      -0.3994075246        21.98047012        -3.90232657      -0.1944963009           1.938272
 "BPM13"             "MONITOR"                    68.646698                  0                  0    -0.001707021458      0.03448978326        4.384458555       0.2188157492      -0.3994075246        21.98047012        -3.90232657      -0.1944963009           1.938272
 "DRIFT_30"          "DRIFT"                      68.752498             0.1058                  0    -0.001965089752      0.03526785464        4.340832409       0.1935296762       -0.343329585        22.81446668       -3.980438573       -0.197112175           1.938272
 "QV13"              "QUADRUPOLE"                 68.802498               0.05                  0     -0.00208843982      0.03561104954        4.328076284      0.06171062526      -0.3170578819        23.18239329       -3.374695027      -0.1981835808           1.938272
 "BLM13"             "MONITOR"                    68.802498                  0                  0     -0.00208843982      0.03561104954        4.328076284      0.06171062526      -0.3170578819        23.18239329       -3.374695027      -0.1981835808           1.938272
 "QV13_A"            "QUADRUPOLE"                 69.002498                0.2                  0    -0.002612549328      0.03648677324        4.409026589      -0.4694485558      -0.2159740078        24.02351187      -0.7997755527      -0.1991477748           1.938272
 "QV13_B"            "MARKER"                     69.002498                  0                  0    -0.002612549328      0.03648677324        4.409026589      -0.4694485558      -0.2159740078        24.02351187      -0.7997755527      -0.1991477748           1.938272
 "QV13_C"            "QUADRUPOLE"                 69.252498               0.25                  0    -0.003350761818      0.03644553556        4.821196566       -1.198222766     -0.09601677099        23.59590175        2.490421971      -0.1928693619           1.938272
 "DRIFT_31"          "DRIFT"                           69.7           0.447502                  0    -0.004768146786      0.03523819177        5.994783975       -1.424307209        0.114614439        21.42808909        2.353830471       -0.174270281           1.938272
 "BLM_MOV01"         "MONITOR"                         69.7                  0                  0    -0.004768146786      0.03523819177        5.994783975       -1.424307209        0.114614439        21.42808909        2.353830471       -0.174270281           1.938272
 "DRIFT_32"          "DRIFT"                      70.002498           0.302498                  0    -0.005726256735       0.0344220634          6.9027138       -1.577133546       0.2569948524        20.03196125        2.261498692      -0.1616978573           1.938272
 "BEGIN_OF_RTBT2"    "MARKER"                     70.002498                  0                  0    -0.005726256735       0.0344220634          6.9027138       -1.577133546       0.2569948524        20.03196125        2.261498692      -0.1616978573           1.938272
 "DRIFT_33"          "DRIFT"                      70.251298             0.2488                  0    -0.006514287582      0.03375081023         7.71876895       -1.702830882       0.3741005749        18.92553374         2.18555721      -0.1513572301           1.938272
 "DH13"              "SBEND"                      71.491298               1.24                  0     -0.01036895339       0.0303858479        12.49111553       -2.105343928       0.8458308567        13.95466177        1.806763071     -0.09707692728           1.938272
 "DH13_A"            "MARKER"                     71.491298                  0                  0     -0.01036895339       0.0303858479        12.49111553       -2.105343928       0.8458308567        13.95466177        1.806763071     -0.09707692728           1.938272
 "DH13_B"            "SBEND"                      72.731298               1.24                  0     -0.01398719723      0.02701938507        18.03989491       -2.318461817        1.085477464        9.927943485        1.427368232     -0.04262999461           1.938272
 "DRIFT_34"          "DRIFT"                      73.630098             0.8988                  0     -0.01649185256      0.02459104079        22.49305153        -2.63609606        1.172758687        7.609259398        1.152387093    -0.003795867432           1.938272
 "QH14"              "QUADRUPOLE"                 73.680098               0.05                  0     -0.01662235574      0.02446906058        22.73334414       -2.168045298        1.176977005        7.502832832        0.976901886    -0.001652159369           1.938272
 "BLM14"             "MONITOR"                    73.680098                  0                  0     -0.01662235574      0.02446906058        22.73334414       -2.168045298        1.176977005        7.502832832        0.976901886    -0.001652159369           1.938272
 "QH14_A"            "QUADRUPOLE"                 73.880098                0.2                  0     -0.01696576004      0.02424159158        23.21445446      -0.2237894983        1.181053393        7.247016534       0.3094565146     0.006629754109           1.938272
 "QH14_B"            "MARKER"                     73.880098                  0                  0     -0.01696576004      0.02424159158        23.21445446      -0.2237894983        1.181053393        7.247016534       0.3094565146     0.006629754109           1.938272
 "QH14_C"            "QUADRUPOLE"                 74.130098               0.25                  0     -0.01698771675      0.02454079385        22.71287904        2.212204361        1.157370675        7.294265414      -0.5001310061      0.01648983042           1.938272
 "DRIFT_35"          "DRIFT"                      74.436612           0.306514                  0     -0.01673610176      0.02530676909        21.38111547        2.132665921        1.108900957        7.616961531      -0.5526630485      0.02833936532           1.938272
 "DCH14"             "HKICKER"                    74.436612                  0                  0     -0.01673610176      0.02530676909        21.38111547        2.132665921        1.108900957        7.616961531      -0.5526630485      0.02833936532           1.938272
 "DRIFT_36"          "DRIFT"                      75.985612              1.549                  0     -0.01475879964      0.02917770367         15.3967458         1.73071024       0.8631477171        9.740334096      -0.8181391239       0.0882222077           1.938272
 "BCM14"             "MONITOR"                    75.985612                  0                  0     -0.01475879964      0.02917770367         15.3967458         1.73071024       0.8631477171        9.740334096      -0.8181391239       0.0882222077           1.938272
 "DRIFT_37"          "DRIFT"                      78.030098           2.044486                  0     -0.01214900849      0.03428685251        9.404583607        1.200179083       0.5387842194        13.80206009       -1.168534295       0.1672600598           1.938272
 "QV15"              "QUADRUPOLE"                 78.080098               0.05                  0     -0.01209140795      0.03439418584         9.29478882       0.9964678931       0.5311338666         13.9051001      -0.8915607524       0.1691269794           1.938272
 "BLM15"             "MONITOR"                    78.080098                  0                  0     -0.01209140795      0.03439418584         9.29478882       0.9964678931       0.5311338666         13.9051001      -0.8915607524       0.1691269794           1.938272
 "QV15_A"            "QUADRUPOLE"                 78.280098                0.2                  0     -0.01198472399      0.03446996457        9.053929487        0.214414142       0.5060559966        14.03585667       0.2413607758       0.1752457789           1.938272
 "QV15_B"            "MARKER"                     78.280098                  0                  0     -0.01198472399      0.03446996457        9.053929487        0.214414142       0.5060559966        14.03585667       0.2413607758       0.1752457789           1.938272
 "QV15_C"            "QUADRUPOLE"                 78.530098               0.25                  0     -0.01212863016      0.03377045427         9.18648263      -0.7491541235       0.4866941116        13.56480711        1.626693393       0.1797507575           1.938272
 "DRIFT_38"          "DRIFT"                      78.635898             0.1058                  0     -0.01225498635      0.03328939394        9.346905988      -0.7671347089       0.4812467285        13.22360757        1.598255045       0.1808992598           1.938272
 "BPM15"             "MONITOR"                    78.635898                  0                  0     -0.01225498635      0.03328939394        9.346905988      -0.7671347089       0.4812467285        13.22360757        1.598255045       0.1808992598           1.938272
 "DRIFT_39"          "DRIFT"                      78.836612           0.200714                  0     -0.01249469767      0.03237677065        9.661701917      -0.8012458168       0.4709124559        12.59285188        1.544304435       0.1830780924           1.938272
 "DCV15"             "VKICKER"                    78.836612                  0                  0     -0.01249469767      0.03237677065        9.661701917      -0.8012458168       0.4709124559        12.59285188        1.544304435       0.1830780924           1.938272
 "DRIFT_40"          "DRIFT"                      83.821298           4.984686                  0     -0.01844787303      0.01050140597        21.87235397        -1.64838733       0.2142631739        3.875842915       0.2044534543       0.2362867261           1.938272
 "QH16"              "QUADRUPOLE"                 83.871298               0.05                  0     -0.01849933802      0.01028663933        22.01798264       -1.263318595       0.2115840399        3.859521584       0.1220703942        0.236920768           1.938272
 "BLM16"             "MONITOR"                    83.871298                  0                  0     -0.01849933802      0.01028663933        22.01798264       -1.263318595       0.2115840399        3.859521584       0.1220703942        0.236920768           1.938272
 "QH16_A"            "QUADRUPOLE"                 84.071298                0.2                  0     -0.01853968469     0.009517691592        22.20993737       0.3081228406       0.1988147583        3.876233129      -0.2060259144       0.2414792971           1.938272
 "QH16_B"            "MARKER"                     84.071298                  0                  0     -0.01853968469     0.009517691592        22.20993737       0.3081228406       0.1988147583        3.876233129      -0.2060259144       0.2414792971           1.938272
 "QH16_C"            "QUADRUPOLE"                 84.271298                0.2                  0     -0.01831531026      0.00888496753        21.77382689        1.862028821       0.1829045074        4.025917624      -0.5459595601        0.249338177           1.938272
 "BLM_MOV02"         "MONITOR"                    84.271298                  0                  0     -0.01831531026      0.00888496753        21.77382689        1.862028821       0.1829045074        4.025917624      -0.5459595601        0.249338177           1.938272
 "QH16_D"            "QUADRUPOLE"                 84.321298               0.05                  0     -0.01821814679     0.008746969338        21.56879902        2.237307296       0.1784621836        4.084950557      -0.6350507051        0.251831959           1.938272
 "DRIFT_41"          "DRIFT"                      84.427098             0.1058                  0      -0.0179952954     0.008463276531        21.09850152        2.207848699       0.1688723944          4.2231726      -0.6713958251       0.2573365572           1.938272
 "BPM16"             "MONITOR"                    84.427098                  0                  0      -0.0179952954     0.008463276531        21.09850152        2.207848699       0.1688723944          4.2231726      -0.6713958251       0.2573365572           1.938272
 "DRIFT_42"          "DRIFT"                      84.627812           0.200714                  0      -0.0175725223     0.007925080709        20.22342636        2.151962567       0.1506795311        4.506529036       -0.740346434        0.267779373           1.938272
 "DCH16"             "HKICKER"                    84.627812                  0                  0      -0.0175725223     0.007925080709        20.22342636        2.151962567       0.1506795311        4.506529036       -0.740346434        0.267779373           1.938272
 "DRIFT_43"          "DRIFT"                      89.612498           4.984686                  0     -0.00726451142    -0.005440888682        5.688052516       0.7640433445      -0.3009172364         20.4229573       -2.452718939       0.5271243004           1.938272
 "QV17"              "QUADRUPOLE"                 89.662498               0.05                  0    -0.007165071385    -0.005571957483        5.618516225        0.627189792      -0.3056080638         20.6465654       -2.017811498       0.5294333885           1.938272
 "BLM17"             "MONITOR"                    89.662498                  0                  0    -0.007165071385    -0.005571957483        5.618516225        0.627189792      -0.3056080638         20.6465654       -2.017811498       0.5294333885           1.938272
 "QV17_A"            "QUADRUPOLE"                 89.862498                0.2                  0     -0.00684477491    -0.006033923639        5.473640112       0.1014140323      -0.3276845389        21.09463418      -0.2094403105       0.5327891491           1.938272
 "QV17_B"            "MARKER"                     89.862498                  0                  0     -0.00684477491    -0.006033923639        5.473640112       0.1014140323      -0.3276845389        21.09463418      -0.2094403105       0.5327891491           1.938272
 "QV17_C"            "QUADRUPOLE"                 90.112498               0.25                  0    -0.006612744259    -0.006462241746        5.584778489      -0.5500146104      -0.3632230073        20.62859816        2.056551837       0.5237218592           1.938272
 "DRIFT_44"          "DRIFT"                      90.218298             0.1058                  0    -0.006553192964    -0.006606836235         5.70377223      -0.5746899312      -0.3802485729         20.1962694         2.02973125       0.5167859827           1.938272
 "BPM17"             "MONITOR"                    90.218298                  0                  0    -0.006553192964    -0.006606836235         5.70377223      -0.5746899312      -0.3802485729         20.1962694         2.02973125       0.5167859827           1.938272
 "DRIFT_45"          "DRIFT"                      90.419012           0.200714                  0     -0.00644021774    -0.006881147561        5.943864631      -0.6215016734      -0.4125479052        19.39169109        1.978849708       0.5036278776           1.938272
 "DCV17"             "VKICKER"                    90.419012                  0                  0     -0.00644021774    -0.006881147561        5.943864631      -0.6215016734      -0.4125479052        19.39169109        1.978849708       0.5036278776           1.938272
 "DRIFT_46"          "DRIFT"                      95.297898           4.878886                  0    -0.003694055338     -0.01501394603        17.55994025       -1.759385197       -1.197668825        6.116785728       0.7420389041       0.1854594043           1.938272
 "BPM18"             "MONITOR"                    95.297898                  0                  0    -0.003694055338     -0.01501394603        17.55994025       -1.759385197       -1.197668825        6.116785728       0.7420389041       0.1854594043           1.938272
 "DRIFT_47"          "DRIFT"                      95.403698             0.1058                  0    -0.003634504043     -0.01519030803        17.93483681       -1.784060518       -1.214694391        5.962607914       0.7152183178       0.1785598325           1.938272
 "QH18"              "QUADRUPOLE"                 95.453698               0.05                  0    -0.003604542843     -0.01528128749        18.09572365       -1.432600401       -1.222132107        5.897654772       0.5842787995       0.1753968997           1.938272
 "BLM18"             "MONITOR"                    95.453698                  0                  0    -0.003604542843     -0.01528128749        18.09572365       -1.432600401       -1.222132107        5.897654772       0.5842787995       0.1753968997           1.938272
 "QH18_A"            "QUADRUPOLE"                 95.653698                0.2                  0      -0.0034489018     -0.01579963495        18.38051075      0.01629023562       -1.239610612        5.765735201      0.07884373385       0.1646522318           1.938272
 "QH18_B"            "MARKER"                     95.653698                  0                  0      -0.0034489018     -0.01579963495        18.38051075      0.01629023562       -1.239610612        5.765735201      0.07884373385       0.1646522318           1.938272
 "QH18_C"            "QUADRUPOLE"                 95.903698               0.25                  0    -0.003176998028      -0.0168059703        17.91881753        1.815020673       -1.233606599        5.882439536      -0.5495564225       0.1553366207           1.938272
 "DRIFT_48"          "DRIFT"                     101.194898             5.2912                  0     0.003446714675     -0.04246637995        5.421061859       0.5469682276      -0.7789642667         17.8948437       -1.720704419     0.005102953522           1.938272
 "QV19"              "QUADRUPOLE"                101.244898               0.05                  0     0.003511045608     -0.04268752607        5.372366978       0.4272549783      -0.7750600109        18.04940959       -1.369579662     0.003656594928           1.938272
 "BLM19A"            "MONITOR"                   101.244898                  0                  0     0.003511045608     -0.04268752607        5.372366978       0.4272549783      -0.7750600109        18.04940959       -1.369579662     0.003656594928           1.938272
 "QV19_A"            "QUADRUPOLE"                101.444898                0.2                  0     0.003804287078     -0.04314241391        5.295161217     -0.03916336713      -0.7672311853         18.3096249      0.07547049749    -0.002641249661           1.938272
 "QV19_B"            "MARKER"                    101.444898                  0                  0     0.003804287078     -0.04314241391        5.295161217     -0.03916336713      -0.7672311853         18.3096249      0.07547049749    -0.002641249661           1.938272
 "QV19_C"            "QUADRUPOLE"                101.694898               0.25                  0     0.004257452307      -0.0427389011        5.460883204      -0.6292560244      -0.7748863011        17.82062852        1.864138717      -0.0115505137           1.938272
 "DRIFT_49"          "DRIFT"                     101.800698             0.1058                  0     0.004470975284     -0.04234017466        5.596895204      -0.6563016313      -0.7822401562        17.42898765        1.837570833     -0.01553636784           1.938272
 "BPM19"             "MONITOR"                   101.800698                  0                  0     0.004470975284     -0.04234017466        5.596895204      -0.6563016313      -0.7822401562        17.42898765        1.837570833     -0.01553636784           1.938272
 "DRIFT_50"          "DRIFT"                     102.001412           0.200714                  0     0.004876051379     -0.04158374762        5.870651375      -0.7076100619      -0.7961912116        16.70145168        1.787168695     -0.02309796262           1.938272
 "DCV19"             "VKICKER"                   102.001412                  0                  0     0.004876051379     -0.04158374762        5.870651375      -0.7076100619      -0.7961912116        16.70145168        1.787168695     -0.02309796262           1.938272
 "DRIFT_51"          "DRIFT"                     104.444898           2.443486                  0     0.009807435169     -0.03176049166        10.85498985       -1.332237301      -0.9660309268         9.46691683        1.173574624      -0.1158548896           1.938272
 "BLM19B"            "MONITOR"                   104.444898                  0                  0     0.009807435169     -0.03176049166        10.85498985       -1.332237301      -0.9660309268         9.46691683        1.173574624      -0.1158548896           1.938272
 "DRIFT_52"          "DRIFT"                     106.986098             2.5412                  0      0.01493602297     -0.02154440774        19.27673103       -1.981843127       -1.142662462        5.123960792        0.535443178      -0.2123211279           1.938272
 "QH20"              "QUADRUPOLE"                107.036098               0.05                  0      0.01502942501     -0.02135417062        19.45609342       -1.604205135       -1.145555657        5.076149763        0.421097095      -0.2143136678           1.938272
 "BLM20"             "MONITOR"                   107.036098                  0                  0      0.01502942501     -0.02135417062        19.45609342       -1.604205135       -1.145555657        5.076149763        0.421097095      -0.2143136678           1.938272
 "QH20_A"            "QUADRUPOLE"                107.236098                0.2                  0       0.0152515896      -0.0208058376        19.78767192     -0.04480916813       -1.145454833        4.997129656       -0.023885273      -0.2242134605           1.938272
 "QH20_B"            "MARKER"                    107.236098                  0                  0       0.0152515896      -0.0208058376        19.78767192     -0.04480916813       -1.145454833        4.997129656       -0.023885273      -0.2242134605           1.938272
 "QH20_C"            "QUADRUPOLE"                107.486098               0.25                  0       0.0151855172     -0.02059007022        19.32079488        1.896681755       -1.119149366        5.148247359      -0.5856295328      -0.2411410414           1.938272
 "DRIFT_53"          "DRIFT"                     107.792612           0.306514                  0      0.01487025096      -0.0206424771        18.18043155        1.823746455       -1.069254514        5.531762494       -0.665586188      -0.2651463124           1.938272
 "DCH20"             "HKICKER"                   107.792612                  0                  0      0.01487025096      -0.0206424771        18.18043155        1.823746455       -1.069254514        5.531762494       -0.665586188      -0.2651463124           1.938272
 "DRIFT_54"          "DRIFT"                     112.046858           4.254246                  0      0.01146755981     -0.02136985574        6.969680813        0.811444537      -0.3778533732        15.91606575       -1.775340655      -0.5983262903           1.938272
 "WS20"              "MONITOR"                   112.046858                  0                  0      0.01146755981     -0.02136985574        6.969680813        0.811444537      -0.3778533732        15.91606575       -1.775340655      -0.5983262903           1.938272
 "DRIFT_55"          "DRIFT"                     112.777298            0.73044                  0      0.01088332897     -0.02149474426         5.91121469       0.6376356382      -0.2591420788        18.64880431       -1.965881835      -0.6555321931           1.938272
 "QV21"              "QUADRUPOLE"                112.827298               0.05                  0      0.01084878907     -0.02149251288        5.853934539       0.5083503666      -0.2511509104        18.82721433       -1.601125584      -0.6591309849           1.938272
 "BLM21A"            "MONITOR"                   112.827298                  0                  0      0.01084878907     -0.02149251288        5.853934539       0.5083503666      -0.2511509104        18.82721433       -1.601125584      -0.6591309849           1.938272
 "QV21_A"            "QUADRUPOLE"                113.027298                0.2                  0         0.01081927     -0.02126838009        5.751505186      0.00653313803      -0.2217534523        19.16783632     -0.09286402058      -0.6671349855           1.938272
 "QV21_B"            "MARKER"                    113.027298                  0                  0         0.01081927     -0.02126838009        5.751505186      0.00653313803      -0.2217534523        19.16783632     -0.09286402058      -0.6671349855           1.938272
 "QV21_C"            "QUADRUPOLE"                113.227298                0.2                  0      0.01096361242     -0.02070338559        5.848651932      -0.4948624635      -0.1961184449        18.90071327        1.421326901      -0.6648360452           1.938272
 "BLM_MOV03"         "MONITOR"                   113.227298                  0                  0      0.01096361242     -0.02070338559        5.848651932      -0.4948624635      -0.1961184449        18.90071327        1.421326901      -0.6648360452           1.938272
 "QV21_D"            "QUADRUPOLE"                113.277298               0.05                  0      0.01102707396     -0.02050982013        5.904571789      -0.6239085873      -0.1902483111         18.7401237        1.789390542      -0.6626510845           1.938272
 "DRIFT_56"          "DRIFT"                     113.383098             0.1058                  0      0.01117303692     -0.02007840066        6.039224551      -0.6488018254      -0.1780444007        18.36399851        1.765668021      -0.6573486373           1.938272
 "BPM21"             "MONITOR"                   113.383098                  0                  0      0.01117303692     -0.02007840066        6.039224551      -0.6488018254      -0.1780444007        18.36399851        1.765668021      -0.6573486373           1.938272
 "DRIFT_57"          "DRIFT"                     113.583812           0.200714                  0      0.01144994437     -0.01925995142         6.30915052      -0.6960269804      -0.1548922676        17.66424289        1.720663843      -0.6472893237           1.938272
 "DCV21"             "VKICKER"                   113.583812                  0                  0      0.01144994437     -0.01925995142         6.30915052      -0.6960269804      -0.1548922676        17.66424289        1.720663843      -0.6472893237           1.938272
 "DRIFT_58"          "DRIFT"                     115.622798           2.038986                  0      0.01426295398     -0.01120950694         10.1257213       -1.175771442      0.08030246301        11.57961225        1.263481534      -0.5447985431           1.938272
 "BLM21B"            "MONITOR"                   115.622798                  0                  0      0.01426295398     -0.01120950694         10.1257213       -1.175771442      0.08030246301        11.57961225        1.263481534      -0.5447985431           1.938272
 "DRIFT_59"          "DRIFT"                     117.267498             1.6447                  0      0.01653200188    -0.004715805633        14.62976095       -1.562746005       0.2700167492        8.030040882          0.8947062      -0.4621267705           1.938272
 "WS21"              "MONITOR"                   117.267498                  0                  0      0.01653200188    -0.004715805633        14.62976095       -1.562746005       0.2700167492        8.030040882          0.8947062      -0.4621267705           1.938272
 "DRIFT_60"          "DRIFT"                     118.462698             1.1952                  0      0.01818091418    3.153323781e-06        18.70145548       -1.843959599       0.4078817183        6.211634741       0.6267179473      -0.4020493688           1.938272
 "BPM22"             "MONITOR"                   118.462698                  0                  0      0.01818091418    3.153323781e-06        18.70145548       -1.843959599       0.4078817183        6.211634741       0.6267179473      -0.4020493688           1.938272
 "DRIFT_61"          "DRIFT"                     118.568498             0.1058                  0      0.01832687713    0.0004208791083        19.09427104       -1.868852837       0.4200856288        6.081531066       0.6029954263      -0.3967312722           1.938272
 "QH22"              "QUADRUPOLE"                118.618498               0.05                  0      0.01838665595    0.0006185361435        19.26247405       -1.494082661       0.4256519658         6.02785381       0.4709085864      -0.3944168322           1.938272
 "BLM22A"            "MONITOR"                   118.618498                  0                  0      0.01838665595    0.0006185361435        19.26247405       -1.494082661       0.4256519658         6.02785381       0.4709085864      -0.3944168322           1.938272
 "QH22_A"            "QUADRUPOLE"                118.818498                0.2                  0      0.01844104471     0.001417362003         19.5529327      0.04956662736       0.4438097399        5.942874066     -0.04373934601      -0.3891075511           1.938272
 "QH22_B"            "MARKER"                    118.818498                  0                  0      0.01844104471     0.001417362003         19.5529327      0.04956662736       0.4438097399        5.942874066     -0.04373934601      -0.3891075511           1.938272
 "QH22_C"            "QUADRUPOLE"                119.068498               0.25                  0      0.01809376383     0.002449459939        19.04552886        1.963055925       0.4569546954        6.126005271      -0.6948980113      -0.3913019931           1.938272
 "DRIFT_62"          "DRIFT"                     122.440498              3.372                  0      0.01032380473      0.01672574684        8.704323881        1.103730844       0.5610946194        13.56475421       -1.511136667       -0.487216782           1.938272
 "BLM22B"            "MONITOR"                   122.440498                  0                  0      0.01032380473      0.01672574684        8.704323881        1.103730844       0.5610946194        13.56475421       -1.511136667       -0.487216782           1.938272
 "DRIFT_63"          "DRIFT"                     124.359698             1.9192                  0     0.005901472131      0.02485120646        5.406427908       0.6146392968       0.6203666663        20.25670119        -1.97570524      -0.5418074293           1.938272
 "QV23"              "QUADRUPOLE"                124.409698               0.05                  0     0.005789199814      0.02505039784        5.350984694       0.4945956768       0.6222188925        20.43443373       -1.577757069      -0.5429434385           1.938272
 "BLM23"             "MONITOR"                   124.409698                  0                  0     0.005789199814      0.02505039784        5.350984694       0.4945956768       0.6222188925        20.43443373       -1.577757069      -0.5429434385           1.938272
 "QV23_A"            "QUADRUPOLE"                124.609698                0.2                  0     0.005397142124      0.02559430794        5.246710467      0.02956149336        0.635831933        20.73941585      0.06101253934      -0.5417504498           1.938272
 "QV23_B"            "MARKER"                    124.609698                  0                  0     0.005397142124      0.02559430794        5.246710467      0.02956149336        0.635831933        20.73941585      0.06101253934      -0.5417504498           1.938272
 "QV23_C"            "QUADRUPOLE"                124.859698               0.25                  0     0.005028429662      0.02569696654        5.376369756      -0.5525264005       0.6671188567        20.19670349        2.091661687      -0.5274069392           1.938272
 "DRIFT_64"          "DRIFT"                     124.965498             0.1058                  0     0.004899665578      0.02560396218        5.496001956      -0.5782127287       0.6838055027        19.75708689         2.06350461      -0.5183508192           1.938272
 "BPM23"             "MONITOR"                   124.965498                  0                  0     0.004899665578      0.02560396218        5.496001956      -0.5782127287       0.6838055027        19.75708689         2.06350461      -0.5183508192           1.938272
 "DRIFT_65"          "DRIFT"                     125.166212           0.200714                  0     0.004655386236       0.0254275229        5.737893475      -0.6269424609        0.715461868        18.93945991          2.0100876      -0.5011703837           1.938272
 "DCV23"             "VKICKER"                   125.166212                  0                  0     0.004655386236       0.0254275229        5.737893475      -0.6269424609        0.715461868        18.93945991          2.0100876      -0.5011703837           1.938272
 "DRIFT_66"          "DRIFT"                     129.341898           4.175686                  0   -0.0004266400708      0.02258351253        15.20695475       -1.640723565        1.374045931         6.79289364       0.8987916273      -0.1446905971           1.938272
 "WS23"              "MONITOR"                   129.341898                  0                  0   -0.0004266400708      0.02258351253        15.20695475       -1.640723565        1.374045931         6.79289364       0.8987916273      -0.1446905971           1.938272
 "DRIFT_67"          "DRIFT"                     130.150898              0.809                  0    -0.001411235005      0.02203251219        18.02054164       -1.837134146        1.501640416        5.512829053       0.6834884552     -0.07562598171           1.938272
 "QH24"              "QUADRUPOLE"                130.200898               0.05                  0    -0.001471369742      0.02200950243        18.18667024       -1.484326963        1.508771199        5.450631328       0.5608819206      -0.0714073036           1.938272
 "BLM24"             "MONITOR"                   130.200898                  0                  0    -0.001471369742      0.02200950243        18.18667024       -1.484326963        1.508771199        5.450631328       0.5608819206      -0.0714073036           1.938272
 "QH24_A"            "QUADRUPOLE"                130.400898                0.2                  0    -0.001696571381      0.02213834079         18.4907721     -0.02803982066        1.522096245        5.321511049      0.08816935993     -0.05546043393           1.938272
 "QH24_B"            "MARKER"                    130.400898                  0                  0    -0.001696571381      0.02213834079         18.4907721     -0.02803982066        1.522096245        5.321511049      0.08816935993     -0.05546043393           1.938272
 "QH24_C"            "QUADRUPOLE"                130.650898               0.25                  0    -0.001939454619      0.02280045489        18.04811507        1.783843498        1.504416394        5.423178371      -0.4982320935      -0.0373255432           1.938272
 "DRIFT_68"          "DRIFT"                     130.756698             0.1058                  0    -0.002032361482      0.02320021926        17.67324757         1.75932759        1.488892563        5.531180686      -0.5225837333     -0.03001682146           1.938272
 "BPM24"             "MONITOR"                   130.756698                  0                  0    -0.002032361482      0.02320021926        17.67324757         1.75932759        1.488892563        5.531180686      -0.5225837333     -0.03001682146           1.938272
 "DRIFT_69"          "DRIFT"                     135.061658            4.30496                  0    -0.005812704877      0.03946647309        6.819958601       0.7617850254        0.857234059        14.29619127       -1.513442289       0.2673721647           1.938272
 "WS24"              "MONITOR"                   135.061658                  0                  0    -0.005812704877      0.03946647309        6.819958601       0.7617850254        0.857234059        14.29619127       -1.513442289       0.2673721647           1.938272
 "DRIFT_70"          "DRIFT"                     135.792098            0.73044                  0    -0.006454131053      0.04222643426         5.83071424        0.592527938       0.7500580021        16.62995259       -1.681565273       0.3178313585           1.938272
 "QV25"              "QUADRUPOLE"                135.842098               0.05                  0    -0.006501282274      0.04239415228        5.777851523       0.4650798708       0.7431002686        16.78189752       -1.356317076       0.3211496612           1.938272
 "BLM25"             "MONITOR"                   135.842098                  0                  0    -0.006501282274      0.04239415228        5.777851523       0.4650798708       0.7431002686        16.78189752       -1.356317076       0.3211496612           1.938272
 "QV25_A"            "QUADRUPOLE"                136.042098                0.2                  0    -0.006755672459       0.0426388011        5.691509275     -0.03106171032       0.7227400042        17.05749007     -0.01426654971       0.3316598914           1.938272
 "QV25_B"            "MARKER"                    136.042098                  0                  0    -0.006755672459       0.0426388011        5.691509275     -0.03106171032       0.7227400042        17.05749007     -0.01426654971       0.3316598914           1.938272
 "QV25_C"            "QUADRUPOLE"                136.242098                0.2                  0    -0.007118623683      0.04220009113        5.802967603      -0.5292079112       0.7141181236        16.79318904        1.328694894       0.3376346257           1.938272
 "BLM_MOV04"         "MONITOR"                   136.242098                  0                  0    -0.007118623683      0.04220009113        5.802967603      -0.5292079112       0.7141181236        16.79318904        1.328694894       0.3376346257           1.938272
 "QV25_D"            "QUADRUPOLE"                136.292098               0.05                  0    -0.007226968096      0.04198422301        5.862297814      -0.6577930031       0.7137771747        16.64398185        1.654451201       0.3384061249           1.938272
 "DRIFT_71"          "DRIFT"                     136.397898             0.1058                  0    -0.007463855049      0.04148281303        6.004222436      -0.6836495495       0.7138219515        16.29641337        1.630695065       0.3397307613           1.938272
 "BPM25"             "MONITOR"                   136.397898                  0                  0    -0.007463855049      0.04148281303        6.004222436      -0.6836495495       0.7138219515        16.29641337        1.630695065       0.3397307613           1.938272
 "DRIFT_72"          "DRIFT"                     139.002498             2.6046                  0     -0.01329557298      0.02913902829        11.22342246       -1.320189819        0.714924275        9.325050187        1.045863018       0.3723408552           1.938272
 "BCM25"             "MONITOR"                   139.002498                  0                  0     -0.01329557298      0.02913902829        11.22342246       -1.320189819        0.714924275        9.325050187        1.045863018       0.3723408552           1.938272
 "DRIFT_73"          "DRIFT"                     141.496798             2.4943                  0     -0.01888032843      0.01731798004        19.32980667       -1.929773784       0.7159799171        5.504629287       0.4857975279       0.4035699718           1.938272
 "QH26"              "QUADRUPOLE"                141.633298             0.1365                  0     -0.01909954239       0.0167490474        19.68239554      -0.6454450592       0.7126796539        5.425702574      0.09417518276       0.4070323131           1.938272
 "BLM26"             "MONITOR"                   141.633298                  0                  0     -0.01909954239       0.0167490474        19.68239554      -0.6454450592       0.7126796539        5.425702574      0.09417518276       0.4070323131           1.938272
 "QH26_A"            "QUADRUPOLE"                141.833298                0.2                  0      -0.0191065149      0.01619014794         19.5575919        1.265389298       0.6957902141        5.501847374      -0.4773782993       0.4185106354           1.938272
 "QH26_B"            "MARKER"                    141.833298                  0                  0      -0.0191065149      0.01619014794         19.5575919        1.265389298       0.6957902141        5.501847374      -0.4773782993       0.4185106354           1.938272
 "QH26_C"            "QUADRUPOLE"                142.169798             0.3365                  0     -0.01827962358      0.01596292778        17.68877273        4.185422757       0.6360533001        6.171163756       -1.548252111       0.4556978711           1.938272
 "DRIFT_74"          "DRIFT"                     147.464298             5.2945                  0     0.002851211415      0.01934225707         2.71477889       -1.357205959      -0.6002569932        37.99643217        -4.46275335        1.225120453           1.938272
 "QV27"              "QUADRUPOLE"                147.774298               0.31                  0     0.004127947954      0.01930615225        3.737397134       -1.968084697      -0.6802470135        39.86088524       -1.503099838        1.255487858           1.938272
 "BLM27"             "MONITOR"                   147.774298                  0                  0     0.004127947954      0.01930615225        3.737397134       -1.968084697      -0.6802470135        39.86088524       -1.503099838        1.255487858           1.938272
 "QV27_A"            "QUADRUPOLE"                147.974298                0.2                  0     0.005002648466      0.01903530936        4.619960259       -2.459512356      -0.7405133123         40.0618746       0.5015237615        1.259314077           1.938272
 "QV27_B"            "MARKER"                    147.974298                  0                  0     0.005002648466      0.01903530936        4.619960259       -2.459512356      -0.7405133123         40.0618746       0.5015237615        1.259314077           1.938272
 "QV27_C"            "QUADRUPOLE"                148.484298               0.51                  0     0.007482981292      0.01749046223        7.953778483        -4.21924552      -0.9298320993        37.01734292        5.337462017        1.213019291           1.938272
 "DRIFT_75"          "DRIFT"                     148.795099           0.310801                  0     0.009126465706      0.01618828217        10.80481737       -4.953951748       -1.062533406         33.7765165        5.089873864        1.160610642           1.938272
 "BPM27"             "MONITOR"                   148.795099                  0                  0     0.009126465706      0.01618828217        10.80481737       -4.953951748       -1.062533406         33.7765165        5.089873864        1.160610642           1.938272
 "DRIFT_76"          "DRIFT"                     149.451742           0.656643                  0      0.01259872782      0.01343710883        18.33004451       -6.506198044       -1.342897317        27.43554008         4.56678344        1.049884574           1.938272
 "QH28"              "QUADRUPOLE"                149.761742               0.31                  0      0.01399867429      0.01237646351        21.82954082       -4.644748997       -1.449734146        25.62634507         1.34019894        1.016247675           1.938272
 "BLM28"             "MONITOR"                   149.761742                  0                  0      0.01399867429      0.01237646351        21.82954082       -4.644748997       -1.449734146        25.62634507         1.34019894        1.016247675           1.938272
 "QH28_A"            "QUADRUPOLE"                149.961742                0.2                  0      0.01463383844      0.01193450309         23.3796903       -3.066687688       -1.490509657        25.48070547      -0.6083151128        1.014045145           1.938272
 "QH28_B"            "MARKER"                    149.961742                  0                  0      0.01463383844      0.01193450309         23.3796903       -3.066687688       -1.490509657        25.48070547      -0.6083151128        1.014045145           1.938272
 "QH28_C"            "QUADRUPOLE"                150.471742               0.51                  0      0.01523442846      0.01162124028        24.18193236        1.545834175       -1.490384979        28.75990502        -6.03194363         1.07789085           1.938272
 "DRIFT_77"          "DRIFT"                     150.968217           0.496475                  0      0.01508982536        0.011875777        22.68154668        1.476242825       -1.417123945        35.06972683       -6.677300148        1.189830301           1.938272
 "DCH28"             "HKICKER"                   150.968217                  0                  0      0.01508982536        0.011875777        22.68154668        1.476242825       -1.417123945        35.06972683       -6.677300148        1.189830301           1.938272
 "DCV28"             "VKICKER"                   150.968217                  0                  0      0.01508982536        0.011875777        22.68154668        1.476242825       -1.417123945        35.06972683       -6.677300148        1.189830301           1.938272
 "DRIFT_78"          "DRIFT"                     153.973287            3.00507                  0      0.01540259429      0.01364040786        15.07492635         1.05501945       -0.975046355        86.93970575       -10.58352204        1.867122831           1.938272
 "QV29"              "QUADRUPOLE"                154.283287               0.31                  0      0.01561839711      0.01365994102        14.78513145      -0.1128024939       -0.941081959        91.47184616       -3.920272234        1.914755252           1.938272
 "BLM29"             "MONITOR"                   154.283287                  0                  0      0.01561839711      0.01365994102        14.78513145      -0.1128024939       -0.941081959        91.47184616       -3.920272234        1.914755252           1.938272
 "QV29_A"            "QUADRUPOLE"                154.483287                0.2                  0      0.01595433498      0.01350028929        14.98005436      -0.8650239493      -0.9313169118        92.13480108       0.6164360271         1.92160448           1.938272
 "QV29_B"            "MARKER"                    154.483287                  0                  0      0.01595433498      0.01350028929        14.98005436      -0.8650239493      -0.9313169118        92.13480108       0.6164360271         1.92160448           1.938272
 "QV29_C"            "QUADRUPOLE"                154.993287               0.51                  0      0.01753793748      0.01249633825        16.91623522       -3.012470716      -0.9490068278        85.73541814        11.66114428        1.854111835           1.938272
 "DRIFT_79"          "DRIFT"                     155.304088           0.310801                  0      0.01883468221      0.01163163376        18.84632449        -3.19757773      -0.9785528844        78.64116414        11.16456735        1.776286934           1.938272
 "BPM29"             "MONITOR"                   155.304088                  0                  0      0.01883468221      0.01163163376        18.84632449        -3.19757773      -0.9785528844        78.64116414        11.16456735        1.776286934           1.938272
 "DRIFT_80"          "DRIFT"                     155.960731           0.656643                  0      0.02157437206      0.00980473439        23.30246097       -3.588661496       -1.040976143        64.66780461        10.11542731        1.611862828           1.938272
 "QH30"              "QUADRUPOLE"                156.270731               0.31                  0      0.02275970663     0.008989074024        25.34161543       -2.967688521       -1.065162234        59.14686957        7.752357494        1.541986438           1.938272
 "BLM30"             "MONITOR"                   156.270731                  0                  0      0.02275970663     0.008989074024        25.34161543       -2.967688521       -1.065162234        59.14686957        7.752357494        1.541986438           1.938272
 "QH30_A"            "QUADRUPOLE"                156.470731                0.2                  0      0.02340644596     0.008510240055        26.43736965       -2.503608353       -1.075089905        56.32116944        6.395406981        1.504938296           1.938272
 "QH30_B"            "MARKER"                    156.470731                  0                  0      0.02340644596     0.008510240055        26.43736965       -2.503608353       -1.075089905        56.32116944        6.395406981        1.504938296           1.938272
 "QH30_C"            "QUADRUPOLE"                156.980731               0.51                  0      0.02461716631     0.007442664724         28.3197146       -1.154473779        -1.07995553        51.38853452        3.362048091        1.437881883           1.938272
 "DRIFT_81"          "DRIFT"                     157.477206           0.496475                  0      0.02548152485     0.006504163133        29.48635351       -1.195370438       -1.070336944        48.10920253        3.243182776        1.391356578           1.938272
 "DCH30"             "HKICKER"                   157.477206                  0                  0      0.02548152485     0.006504163133        29.48635351       -1.195370438       -1.070336944        48.10920253        3.243182776        1.391356578           1.938272
 "DCV30"             "VKICKER"                   157.477206                  0                  0      0.02548152485     0.006504163133        29.48635351       -1.195370438       -1.070336944        48.10920253        3.243182776        1.391356578           1.938272
 "DRIFT_82"          "DRIFT"                     158.813005           1.335799                  0       0.0283354074     0.004077817816        32.82688766       -1.305405617       -1.045061216        39.87193051        2.923367744        1.266064293           1.938272
 "BPM30"             "MONITOR"                   158.813005                  0                  0       0.0283354074     0.004077817816        32.82688766       -1.305405617       -1.045061216        39.87193051        2.923367744        1.266064293           1.938272
 "DRIFT_83"          "DRIFT"                     165.740498           6.927493                  0      0.04313572646    -0.008505280538        54.86640819       -1.876051301      -0.9139805438         10.8584447        1.264797558       0.6162948073           1.938272
 "VIW"               "MARKER"                    165.740498                  0                  0      0.04313572646    -0.008505280538        54.86640819       -1.876051301      -0.9139805438         10.8584447        1.264797558       0.6162948073           1.938272
 "DRIFT_84"          "DRIFT"                     168.065698             2.3252                  0      0.04810342572     -0.01272877384        64.03615702       -2.067587452      -0.8699835627        6.271059595        0.708101593       0.3982009012           1.938272
 "RTBT_TGT"          "MARKER"                    168.065698                  0                  0      0.04810342572     -0.01272877384        64.03615702       -2.067587452      -0.8699835627        6.271059595        0.708101593       0.3982009012           1.938272
 "DRIFT_85"          "DRIFT"                     168.277698              0.212                  0      0.04855635547     -0.01311385064        64.91651632       -2.085050752      -0.8659721401        5.981584946       0.6573448648       0.3783161996           1.938272
 "END_RTBT"          "MARKER"                    168.277698                  0                  0      0.04855635547     -0.01311385064        64.91651632       -2.085050752      -0.8659721401        5.981584946       0.6573448648       0.3783161996           1.938272
 "RTBT_RTBT$END"     "MARKER"                    168.277698                  0                  0      0.04855635547     -0.01311385064        64.91651632       -2.085050752      -0.8659721401        5.981584946       0.6573448648       0.3783161996           1.938272
